{"/home/travis/build/npmtest/node-npmtest-linklocal/test.js":{"path":"/home/travis/build/npmtest/node-npmtest-linklocal/test.js","s":{"1":2,"2":2,"3":2,"4":2,"5":2,"6":2,"7":2,"8":1,"9":2,"10":2,"11":1,"12":1,"13":1,"14":1,"15":2,"16":2,"17":2,"18":2,"19":1,"20":1,"21":2,"22":2,"23":2,"24":1,"25":1,"26":1,"27":1,"28":1,"29":1,"30":1,"31":1,"32":1,"33":1,"34":1,"35":1,"36":1,"37":1,"38":1,"39":2,"40":2,"41":1,"42":2,"43":2,"44":1,"45":2,"46":2,"47":1,"48":2,"49":2,"50":1,"51":1,"52":1,"53":1,"54":1},"b":{"1":[2,1,1,1],"2":[1,1,1,1],"3":[1,1],"4":[1,1],"5":[1,1],"6":[1,1],"7":[1,1],"8":[1,1],"9":[1,1],"10":[1,1,1],"11":[1,1],"12":[1,1],"13":[1,1],"14":[1,1],"15":[1,1],"16":[1,1],"17":[1,1]},"f":{"1":2,"2":2,"3":2,"4":2,"5":2,"6":1,"7":1,"8":1,"9":2,"10":2,"11":2,"12":2,"13":1},"fnMap":{"1":{"name":"(anonymous_1)","line":12,"loc":{"start":{"line":12,"column":1},"end":{"line":12,"column":13}}},"2":{"name":"(anonymous_2)","line":19,"loc":{"start":{"line":19,"column":5},"end":{"line":19,"column":17}}},"3":{"name":"(anonymous_3)","line":23,"loc":{"start":{"line":23,"column":24},"end":{"line":23,"column":36}}},"4":{"name":"(anonymous_4)","line":61,"loc":{"start":{"line":61,"column":5},"end":{"line":61,"column":17}}},"5":{"name":"(anonymous_5)","line":82,"loc":{"start":{"line":82,"column":5},"end":{"line":82,"column":17}}},"6":{"name":"(anonymous_6)","line":91,"loc":{"start":{"line":91,"column":77},"end":{"line":94,"column":10}}},"7":{"name":"(anonymous_7)","line":112,"loc":{"start":{"line":112,"column":83},"end":{"line":115,"column":10}},"skip":true},"8":{"name":"(anonymous_8)","line":123,"loc":{"start":{"line":123,"column":77},"end":{"line":126,"column":10}},"skip":true},"9":{"name":"(anonymous_9)","line":139,"loc":{"start":{"line":139,"column":12},"end":{"line":139,"column":40}},"skip":true},"10":{"name":"(anonymous_10)","line":147,"loc":{"start":{"line":147,"column":77},"end":{"line":150,"column":10}},"skip":true},"11":{"name":"(anonymous_11)","line":158,"loc":{"start":{"line":158,"column":83},"end":{"line":161,"column":10}},"skip":true},"12":{"name":"(anonymous_12)","line":169,"loc":{"start":{"line":169,"column":79},"end":{"line":172,"column":10}},"skip":true},"13":{"name":"(anonymous_13)","line":180,"loc":{"start":{"line":180,"column":75},"end":{"line":183,"column":10}},"skip":true}},"statementMap":{"1":{"start":{"line":12,"column":0},"end":{"line":195,"column":5}},"2":{"start":{"line":14,"column":4},"end":{"line":14,"column":14}},"3":{"start":{"line":19,"column":4},"end":{"line":56,"column":9}},"4":{"start":{"line":21,"column":8},"end":{"line":21,"column":19}},"5":{"start":{"line":23,"column":8},"end":{"line":35,"column":13}},"6":{"start":{"line":24,"column":12},"end":{"line":34,"column":13}},"7":{"start":{"line":25,"column":16},"end":{"line":28,"column":30}},"8":{"start":{"line":30,"column":16},"end":{"line":33,"column":27}},"9":{"start":{"line":37,"column":8},"end":{"line":39,"column":21}},"10":{"start":{"line":40,"column":8},"end":{"line":53,"column":9}},"11":{"start":{"line":43,"column":12},"end":{"line":46,"column":14}},"12":{"start":{"line":47,"column":12},"end":{"line":47,"column":18}},"13":{"start":{"line":50,"column":12},"end":{"line":51,"column":33}},"14":{"start":{"line":52,"column":12},"end":{"line":52,"column":18}},"15":{"start":{"line":55,"column":8},"end":{"line":55,"column":35}},"16":{"start":{"line":61,"column":4},"end":{"line":63,"column":9}},"17":{"start":{"line":62,"column":8},"end":{"line":62,"column":15}},"18":{"start":{"line":64,"column":4},"end":{"line":77,"column":5}},"19":{"start":{"line":70,"column":8},"end":{"line":70,"column":14}},"20":{"start":{"line":76,"column":8},"end":{"line":76,"column":14}},"21":{"start":{"line":82,"column":4},"end":{"line":84,"column":9}},"22":{"start":{"line":83,"column":8},"end":{"line":83,"column":15}},"23":{"start":{"line":85,"column":4},"end":{"line":194,"column":5}},"24":{"start":{"line":91,"column":8},"end":{"line":99,"column":10}},"25":{"start":{"line":98,"column":12},"end":{"line":98,"column":35}},"26":{"start":{"line":102,"column":8},"end":{"line":104,"column":63}},"27":{"start":{"line":105,"column":8},"end":{"line":105,"column":14}},"28":{"start":{"line":112,"column":8},"end":{"line":121,"column":10},"skip":true},"29":{"start":{"line":119,"column":12},"end":{"line":119,"column":55},"skip":true},"30":{"start":{"line":120,"column":12},"end":{"line":120,"column":48},"skip":true},"31":{"start":{"line":123,"column":8},"end":{"line":136,"column":10},"skip":true},"32":{"start":{"line":130,"column":12},"end":{"line":130,"column":76},"skip":true},"33":{"start":{"line":131,"column":12},"end":{"line":131,"column":73},"skip":true},"34":{"start":{"line":132,"column":12},"end":{"line":132,"column":74},"skip":true},"35":{"start":{"line":133,"column":12},"end":{"line":133,"column":79},"skip":true},"36":{"start":{"line":134,"column":12},"end":{"line":134,"column":25},"skip":true},"37":{"start":{"line":135,"column":12},"end":{"line":135,"column":45},"skip":true},"38":{"start":{"line":138,"column":8},"end":{"line":145,"column":14},"skip":true},"39":{"start":{"line":143,"column":16},"end":{"line":143,"column":29},"skip":true},"40":{"start":{"line":144,"column":16},"end":{"line":144,"column":55},"skip":true},"41":{"start":{"line":147,"column":8},"end":{"line":156,"column":10},"skip":true},"42":{"start":{"line":154,"column":12},"end":{"line":154,"column":25},"skip":true},"43":{"start":{"line":155,"column":12},"end":{"line":155,"column":45},"skip":true},"44":{"start":{"line":158,"column":8},"end":{"line":167,"column":10},"skip":true},"45":{"start":{"line":165,"column":12},"end":{"line":165,"column":25},"skip":true},"46":{"start":{"line":166,"column":12},"end":{"line":166,"column":48},"skip":true},"47":{"start":{"line":169,"column":8},"end":{"line":178,"column":10},"skip":true},"48":{"start":{"line":176,"column":12},"end":{"line":176,"column":25},"skip":true},"49":{"start":{"line":177,"column":12},"end":{"line":177,"column":46},"skip":true},"50":{"start":{"line":180,"column":8},"end":{"line":189,"column":10},"skip":true},"51":{"start":{"line":187,"column":12},"end":{"line":187,"column":94},"skip":true},"52":{"start":{"line":188,"column":12},"end":{"line":188,"column":48},"skip":true},"53":{"start":{"line":192,"column":8},"end":{"line":192,"column":35},"skip":true},"54":{"start":{"line":193,"column":8},"end":{"line":193,"column":14},"skip":true}},"branchMap":{"1":{"line":25,"type":"binary-expr","locations":[{"start":{"line":25,"column":23},"end":{"line":25,"column":62}},{"start":{"line":26,"column":20},"end":{"line":26,"column":70}},{"start":{"line":27,"column":20},"end":{"line":27,"column":71}},{"start":{"line":28,"column":20},"end":{"line":28,"column":29}}]},"2":{"line":30,"type":"binary-expr","locations":[{"start":{"line":30,"column":23},"end":{"line":30,"column":37}},{"start":{"line":31,"column":20},"end":{"line":31,"column":61}},{"start":{"line":32,"column":20},"end":{"line":32,"column":70}},{"start":{"line":33,"column":20},"end":{"line":33,"column":26}}]},"3":{"line":37,"type":"cond-expr","locations":[{"start":{"line":38,"column":14},"end":{"line":38,"column":20}},{"start":{"line":39,"column":14},"end":{"line":39,"column":20}}]},"4":{"line":40,"type":"switch","locations":[{"start":{"line":42,"column":8},"end":{"line":47,"column":18}},{"start":{"line":49,"column":8},"end":{"line":52,"column":18}}]},"5":{"line":44,"type":"binary-expr","locations":[{"start":{"line":44,"column":16},"end":{"line":44,"column":44}},{"start":{"line":44,"column":48},"end":{"line":44,"column":66}}]},"6":{"line":50,"type":"binary-expr","locations":[{"start":{"line":50,"column":21},"end":{"line":50,"column":49}},{"start":{"line":50,"column":53},"end":{"line":50,"column":72}}]},"7":{"line":64,"type":"switch","locations":[{"start":{"line":69,"column":4},"end":{"line":70,"column":14}},{"start":{"line":75,"column":4},"end":{"line":76,"column":14}}]},"8":{"line":85,"type":"switch","locations":[{"start":{"line":90,"column":4},"end":{"line":105,"column":14}},{"start":{"line":111,"column":4},"end":{"line":193,"column":14},"skip":true}]},"9":{"line":91,"type":"binary-expr","locations":[{"start":{"line":91,"column":42},"end":{"line":91,"column":73}},{"start":{"line":91,"column":77},"end":{"line":99,"column":9}}]},"10":{"line":102,"type":"binary-expr","locations":[{"start":{"line":102,"column":18},"end":{"line":102,"column":32}},{"start":{"line":103,"column":12},"end":{"line":103,"column":53}},{"start":{"line":104,"column":12},"end":{"line":104,"column":61}}]},"11":{"line":112,"type":"binary-expr","locations":[{"start":{"line":112,"column":45},"end":{"line":112,"column":79},"skip":true},{"start":{"line":112,"column":83},"end":{"line":121,"column":9},"skip":true}]},"12":{"line":123,"type":"binary-expr","locations":[{"start":{"line":123,"column":42},"end":{"line":123,"column":73},"skip":true},{"start":{"line":123,"column":77},"end":{"line":136,"column":9},"skip":true}]},"13":{"line":138,"type":"binary-expr","locations":[{"start":{"line":138,"column":48},"end":{"line":138,"column":85},"skip":true},{"start":{"line":139,"column":12},"end":{"line":145,"column":13},"skip":true}]},"14":{"line":147,"type":"binary-expr","locations":[{"start":{"line":147,"column":42},"end":{"line":147,"column":73},"skip":true},{"start":{"line":147,"column":77},"end":{"line":156,"column":9},"skip":true}]},"15":{"line":158,"type":"binary-expr","locations":[{"start":{"line":158,"column":45},"end":{"line":158,"column":79},"skip":true},{"start":{"line":158,"column":83},"end":{"line":167,"column":9},"skip":true}]},"16":{"line":169,"type":"binary-expr","locations":[{"start":{"line":169,"column":43},"end":{"line":169,"column":75},"skip":true},{"start":{"line":169,"column":79},"end":{"line":178,"column":9},"skip":true}]},"17":{"line":180,"type":"binary-expr","locations":[{"start":{"line":180,"column":41},"end":{"line":180,"column":71},"skip":true},{"start":{"line":180,"column":75},"end":{"line":189,"column":9},"skip":true}]}},"code":["/* istanbul instrument in package npmtest_linklocal */","/*jslint","    bitwise: true,","    browser: true,","    maxerr: 8,","    maxlen: 96,","    node: true,","    nomen: true,","    regexp: true,","    stupid: true","*/","(function () {","    'use strict';","    var local;","","","","    // run shared js-env code - pre-init","    (function () {","        // init local","        local = {};","        // init modeJs","        local.modeJs = (function () {","            try {","                return typeof navigator.userAgent === 'string' &&","                    typeof document.querySelector('body') === 'object' &&","                    typeof XMLHttpRequest.prototype.open === 'function' &&","                    'browser';","            } catch (errorCaughtBrowser) {","                return module.exports &&","                    typeof process.versions.node === 'string' &&","                    typeof require('http').createServer === 'function' &&","                    'node';","            }","        }());","        // init global","        local.global = local.modeJs === 'browser'","            ? window","            : global;","        switch (local.modeJs) {","        // re-init local from window.local","        case 'browser':","            local = local.global.utility2.objectSetDefault(","                local.global.utility2_rollup || local.global.local,","                local.global.utility2","            );","            break;","        // re-init local from example.js","        case 'node':","            local = (local.global.utility2_rollup || require('utility2'))","                .requireReadme();","            break;","        }","        // export local","        local.global.local = local;","    }());","","","","    // run shared js-env code - function","    (function () {","        return;","    }());","    switch (local.modeJs) {","","","","    // run browser js-env code - function","    case 'browser':","        break;","","","","    // run node js-env code - function","    case 'node':","        break;","    }","","","","    // run shared js-env code - post-init","    (function () {","        return;","    }());","    switch (local.modeJs) {","","","","    // run browser js-env code - post-init","    case 'browser':","        local.testCase_browser_nullCase = local.testCase_browser_nullCase || function (","            options,","            onError","        ) {","        /*","         * this function will test browsers's null-case handling-behavior-behavior","         */","            onError(null, options);","        };","","        // run tests","        local.nop(local.modeTest &&","            document.querySelector('#testRunButton1') &&","            document.querySelector('#testRunButton1').click());","        break;","","","","    // run node js-env code - post-init","    /* istanbul ignore next */","    case 'node':","        local.testCase_buildApidoc_default = local.testCase_buildApidoc_default || function (","            options,","            onError","        ) {","        /*","         * this function will test buildApidoc's default handling-behavior-behavior","         */","            options = { modulePathList: module.paths };","            local.buildApidoc(options, onError);","        };","","        local.testCase_buildApp_default = local.testCase_buildApp_default || function (","            options,","            onError","        ) {","        /*","         * this function will test buildApp's default handling-behavior-behavior","         */","            local.testCase_buildReadme_default(options, local.onErrorThrow);","            local.testCase_buildLib_default(options, local.onErrorThrow);","            local.testCase_buildTest_default(options, local.onErrorThrow);","            local.testCase_buildCustomOrg_default(options, local.onErrorThrow);","            options = [];","            local.buildApp(options, onError);","        };","","        local.testCase_buildCustomOrg_default = local.testCase_buildCustomOrg_default ||","            function (options, onError) {","            /*","             * this function will test buildCustomOrg's default handling-behavior","             */","                options = {};","                local.buildCustomOrg(options, onError);","            };","","        local.testCase_buildLib_default = local.testCase_buildLib_default || function (","            options,","            onError","        ) {","        /*","         * this function will test buildLib's default handling-behavior","         */","            options = {};","            local.buildLib(options, onError);","        };","","        local.testCase_buildReadme_default = local.testCase_buildReadme_default || function (","            options,","            onError","        ) {","        /*","         * this function will test buildReadme's default handling-behavior-behavior","         */","            options = {};","            local.buildReadme(options, onError);","        };","","        local.testCase_buildTest_default = local.testCase_buildTest_default || function (","            options,","            onError","        ) {","        /*","         * this function will test buildTest's default handling-behavior","         */","            options = {};","            local.buildTest(options, onError);","        };","","        local.testCase_webpage_default = local.testCase_webpage_default || function (","            options,","            onError","        ) {","        /*","         * this function will test webpage's default handling-behavior","         */","            options = { modeCoverageMerge: true, url: local.serverLocalHost + '?modeTest=1' };","            local.browserTest(options, onError);","        };","","        // run test-server","        local.testRunServer(local);","        break;","    }","}());",""],"l":{"12":2,"14":2,"19":2,"21":2,"23":2,"24":2,"25":2,"30":1,"37":2,"40":2,"43":1,"47":1,"50":1,"52":1,"55":2,"61":2,"62":2,"64":2,"70":1,"76":1,"82":2,"83":2,"85":2,"91":1,"98":1,"102":1,"105":1,"112":1,"119":1,"120":1,"123":1,"130":1,"131":1,"132":1,"133":1,"134":1,"135":1,"138":1,"143":2,"144":2,"147":1,"154":2,"155":2,"158":1,"165":2,"166":2,"169":1,"176":2,"177":2,"180":1,"187":1,"188":1,"192":1,"193":1}},"/home/travis/build/npmtest/node-npmtest-linklocal/lib.npmtest_linklocal.js":{"path":"/home/travis/build/npmtest/node-npmtest-linklocal/lib.npmtest_linklocal.js","s":{"1":2,"2":2,"3":2,"4":2,"5":2,"6":2,"7":2,"8":1,"9":2,"10":2,"11":2,"12":2,"13":1,"14":1,"15":1,"16":1},"b":{"1":[2,1,1,1],"2":[1,1,1,1],"3":[1,1],"4":[2,2],"5":[1,1]},"f":{"1":2,"2":2,"3":2},"fnMap":{"1":{"name":"(anonymous_1)","line":12,"loc":{"start":{"line":12,"column":1},"end":{"line":12,"column":13}}},"2":{"name":"(anonymous_2)","line":19,"loc":{"start":{"line":19,"column":5},"end":{"line":19,"column":17}}},"3":{"name":"(anonymous_3)","line":23,"loc":{"start":{"line":23,"column":24},"end":{"line":23,"column":36}}}},"statementMap":{"1":{"start":{"line":12,"column":0},"end":{"line":53,"column":5}},"2":{"start":{"line":14,"column":4},"end":{"line":14,"column":14}},"3":{"start":{"line":19,"column":4},"end":{"line":52,"column":9}},"4":{"start":{"line":21,"column":8},"end":{"line":21,"column":19}},"5":{"start":{"line":23,"column":8},"end":{"line":35,"column":13}},"6":{"start":{"line":24,"column":12},"end":{"line":34,"column":13}},"7":{"start":{"line":25,"column":16},"end":{"line":28,"column":30}},"8":{"start":{"line":30,"column":16},"end":{"line":33,"column":27}},"9":{"start":{"line":37,"column":8},"end":{"line":39,"column":21}},"10":{"start":{"line":41,"column":8},"end":{"line":41,"column":54}},"11":{"start":{"line":43,"column":8},"end":{"line":43,"column":54}},"12":{"start":{"line":45,"column":8},"end":{"line":51,"column":9}},"13":{"start":{"line":46,"column":12},"end":{"line":46,"column":60}},"14":{"start":{"line":48,"column":12},"end":{"line":48,"column":35}},"15":{"start":{"line":49,"column":12},"end":{"line":49,"column":49}},"16":{"start":{"line":50,"column":12},"end":{"line":50,"column":43}}},"branchMap":{"1":{"line":25,"type":"binary-expr","locations":[{"start":{"line":25,"column":23},"end":{"line":25,"column":62}},{"start":{"line":26,"column":20},"end":{"line":26,"column":70}},{"start":{"line":27,"column":20},"end":{"line":27,"column":71}},{"start":{"line":28,"column":20},"end":{"line":28,"column":29}}]},"2":{"line":30,"type":"binary-expr","locations":[{"start":{"line":30,"column":23},"end":{"line":30,"column":37}},{"start":{"line":31,"column":20},"end":{"line":31,"column":61}},{"start":{"line":32,"column":20},"end":{"line":32,"column":70}},{"start":{"line":33,"column":20},"end":{"line":33,"column":26}}]},"3":{"line":37,"type":"cond-expr","locations":[{"start":{"line":38,"column":14},"end":{"line":38,"column":20}},{"start":{"line":39,"column":14},"end":{"line":39,"column":20}}]},"4":{"line":41,"type":"binary-expr","locations":[{"start":{"line":41,"column":16},"end":{"line":41,"column":44}},{"start":{"line":41,"column":48},"end":{"line":41,"column":53}}]},"5":{"line":45,"type":"if","locations":[{"start":{"line":45,"column":8},"end":{"line":45,"column":8}},{"start":{"line":45,"column":8},"end":{"line":45,"column":8}}]}},"code":["/* istanbul instrument in package npmtest_linklocal */","/*jslint","    bitwise: true,","    browser: true,","    maxerr: 8,","    maxlen: 96,","    node: true,","    nomen: true,","    regexp: true,","    stupid: true","*/","(function () {","    'use strict';","    var local;","","","","    // run shared js-env code - pre-init","    (function () {","        // init local","        local = {};","        // init modeJs","        local.modeJs = (function () {","            try {","                return typeof navigator.userAgent === 'string' &&","                    typeof document.querySelector('body') === 'object' &&","                    typeof XMLHttpRequest.prototype.open === 'function' &&","                    'browser';","            } catch (errorCaughtBrowser) {","                return module.exports &&","                    typeof process.versions.node === 'string' &&","                    typeof require('http').createServer === 'function' &&","                    'node';","            }","        }());","        // init global","        local.global = local.modeJs === 'browser'","            ? window","            : global;","        // init utility2_rollup","        local = local.global.utility2_rollup || local;","        // init lib","        local.local = local.npmtest_linklocal = local;","        // init exports","        if (local.modeJs === 'browser') {","            local.global.utility2_npmtest_linklocal = local;","        } else {","            module.exports = local;","            module.exports.__dirname = __dirname;","            module.exports.module = module;","        }","    }());","}());",""],"l":{"12":2,"14":2,"19":2,"21":2,"23":2,"24":2,"25":2,"30":1,"37":2,"41":2,"43":2,"45":2,"46":1,"48":1,"49":1,"50":1}},"/home/travis/build/npmtest/node-npmtest-linklocal/example.js":{"path":"/home/travis/build/npmtest/node-npmtest-linklocal/example.js","s":{"1":2,"2":2,"3":2,"4":2,"5":2,"6":2,"7":2,"8":1,"9":2,"10":2,"11":2,"12":2,"13":1,"14":2,"15":2,"16":2,"17":2,"18":2,"19":0,"20":2,"21":1,"22":1,"23":1,"24":1,"25":1,"26":0,"27":0,"28":1,"29":1,"30":2,"31":0,"32":0,"33":0,"34":1,"35":2,"36":2,"37":3,"38":3,"39":3,"40":3,"41":0,"42":3,"43":3,"44":3,"45":1,"46":3,"47":1,"48":1,"49":1,"50":1,"51":1,"52":1,"53":1,"54":1,"55":1,"56":1,"57":0,"58":1,"59":6,"60":6,"61":1,"62":2,"63":0,"64":2,"65":1,"66":1,"67":0,"68":0,"69":0,"70":0,"71":0,"72":0,"73":0,"74":0,"75":0,"76":0,"77":0,"78":0,"79":0,"80":0,"81":0,"82":0,"83":0},"b":{"1":[2,1,1,1],"2":[1,1,1,1],"3":[1,1],"4":[2,2],"5":[1,1],"6":[1,1],"7":[2,0],"8":[2,1,1,1,1,1],"9":[0,2,0],"10":[1,1],"11":[2,1,1],"12":[1,0],"13":[0,2],"14":[2,0,0,0,0,0,0],"15":[0,3],"16":[3,0],"17":[1,1],"18":[0,1],"19":[1,2,0,2],"20":[1,0],"21":[1,1],"22":[0,0],"23":[0,0],"24":[0,0],"25":[0,0],"26":[0,0],"27":[0,0],"28":[0,0]},"f":{"1":2,"2":2,"3":2,"4":2,"5":2,"6":2,"7":3,"8":3,"9":3,"10":1,"11":6,"12":0},"fnMap":{"1":{"name":"(anonymous_1)","line":26,"loc":{"start":{"line":26,"column":1},"end":{"line":26,"column":13}}},"2":{"name":"(anonymous_2)","line":33,"loc":{"start":{"line":33,"column":5},"end":{"line":33,"column":17}}},"3":{"name":"(anonymous_3)","line":37,"loc":{"start":{"line":37,"column":24},"end":{"line":37,"column":36}}},"4":{"name":"(anonymous_4)","line":69,"loc":{"start":{"line":69,"column":31},"end":{"line":69,"column":48}},"skip":true},"5":{"name":"(anonymous_5)","line":78,"loc":{"start":{"line":78,"column":26},"end":{"line":78,"column":45}},"skip":true},"6":{"name":"(anonymous_6)","line":123,"loc":{"start":{"line":123,"column":33},"end":{"line":123,"column":48}},"skip":true},"7":{"name":"(anonymous_7)","line":125,"loc":{"start":{"line":125,"column":27},"end":{"line":125,"column":39}},"skip":true},"8":{"name":"(anonymous_8)","line":133,"loc":{"start":{"line":133,"column":59},"end":{"line":133,"column":74}},"skip":true},"9":{"name":"(anonymous_9)","line":143,"loc":{"start":{"line":143,"column":45},"end":{"line":143,"column":62}},"skip":true},"10":{"name":"(anonymous_10)","line":144,"loc":{"start":{"line":144,"column":73},"end":{"line":144,"column":92}},"skip":true},"11":{"name":"(anonymous_11)","line":272,"loc":{"start":{"line":272,"column":51},"end":{"line":272,"column":77}},"skip":true},"12":{"name":"(anonymous_12)","line":315,"loc":{"start":{"line":315,"column":32},"end":{"line":315,"column":61}},"skip":true}},"statementMap":{"1":{"start":{"line":26,"column":0},"end":{"line":326,"column":5}},"2":{"start":{"line":28,"column":4},"end":{"line":28,"column":14}},"3":{"start":{"line":33,"column":4},"end":{"line":60,"column":9}},"4":{"start":{"line":35,"column":8},"end":{"line":35,"column":19}},"5":{"start":{"line":37,"column":8},"end":{"line":49,"column":13}},"6":{"start":{"line":38,"column":12},"end":{"line":48,"column":13}},"7":{"start":{"line":39,"column":16},"end":{"line":42,"column":30}},"8":{"start":{"line":44,"column":16},"end":{"line":47,"column":27}},"9":{"start":{"line":51,"column":8},"end":{"line":53,"column":21}},"10":{"start":{"line":55,"column":8},"end":{"line":57,"column":45}},"11":{"start":{"line":59,"column":8},"end":{"line":59,"column":35}},"12":{"start":{"line":61,"column":4},"end":{"line":325,"column":5}},"13":{"start":{"line":69,"column":8},"end":{"line":121,"column":10},"skip":true},"14":{"start":{"line":70,"column":12},"end":{"line":88,"column":13},"skip":true},"15":{"start":{"line":76,"column":16},"end":{"line":87,"column":19},"skip":true},"16":{"start":{"line":79,"column":20},"end":{"line":86,"column":21},"skip":true},"17":{"start":{"line":82,"column":24},"end":{"line":82,"column":43},"skip":true},"18":{"start":{"line":83,"column":24},"end":{"line":83,"column":30},"skip":true},"19":{"start":{"line":85,"column":24},"end":{"line":85,"column":49},"skip":true},"20":{"start":{"line":89,"column":12},"end":{"line":107,"column":13},"skip":true},"21":{"start":{"line":92,"column":16},"end":{"line":102,"column":17},"skip":true},"22":{"start":{"line":93,"column":20},"end":{"line":93,"column":86},"skip":true},"23":{"start":{"line":94,"column":20},"end":{"line":95,"column":45},"skip":true},"24":{"start":{"line":96,"column":20},"end":{"line":96,"column":42},"skip":true},"25":{"start":{"line":97,"column":20},"end":{"line":97,"column":48},"skip":true},"26":{"start":{"line":100,"column":20},"end":{"line":100,"column":85},"skip":true},"27":{"start":{"line":101,"column":20},"end":{"line":101,"column":96},"skip":true},"28":{"start":{"line":103,"column":16},"end":{"line":103,"column":22},"skip":true},"29":{"start":{"line":106,"column":16},"end":{"line":106,"column":22},"skip":true},"30":{"start":{"line":108,"column":12},"end":{"line":120,"column":13},"skip":true},"31":{"start":{"line":114,"column":16},"end":{"line":119,"column":17},"skip":true},"32":{"start":{"line":116,"column":20},"end":{"line":116,"column":78},"skip":true},"33":{"start":{"line":118,"column":20},"end":{"line":118,"column":47},"skip":true},"34":{"start":{"line":123,"column":8},"end":{"line":141,"column":11},"skip":true},"35":{"start":{"line":124,"column":12},"end":{"line":124,"column":54},"skip":true},"36":{"start":{"line":125,"column":12},"end":{"line":140,"column":14},"skip":true},"37":{"start":{"line":126,"column":16},"end":{"line":126,"column":28},"skip":true},"38":{"start":{"line":127,"column":16},"end":{"line":127,"column":69},"skip":true},"39":{"start":{"line":128,"column":16},"end":{"line":128,"column":75},"skip":true},"40":{"start":{"line":129,"column":16},"end":{"line":131,"column":17},"skip":true},"41":{"start":{"line":130,"column":20},"end":{"line":130,"column":27},"skip":true},"42":{"start":{"line":133,"column":16},"end":{"line":137,"column":36},"skip":true},"43":{"start":{"line":134,"column":20},"end":{"line":136,"column":55},"skip":true},"44":{"start":{"line":139,"column":16},"end":{"line":139,"column":57},"skip":true},"45":{"start":{"line":143,"column":8},"end":{"line":147,"column":11},"skip":true},"46":{"start":{"line":144,"column":12},"end":{"line":146,"column":15},"skip":true},"47":{"start":{"line":145,"column":16},"end":{"line":145,"column":70},"skip":true},"48":{"start":{"line":149,"column":8},"end":{"line":149,"column":31},"skip":true},"49":{"start":{"line":150,"column":8},"end":{"line":150,"column":14},"skip":true},"50":{"start":{"line":158,"column":8},"end":{"line":158,"column":31},"skip":true},"51":{"start":{"line":160,"column":8},"end":{"line":160,"column":33},"skip":true},"52":{"start":{"line":161,"column":8},"end":{"line":161,"column":37},"skip":true},"53":{"start":{"line":162,"column":8},"end":{"line":162,"column":35},"skip":true},"54":{"start":{"line":164,"column":8},"end":{"line":164,"column":50},"skip":true},"55":{"start":{"line":166,"column":8},"end":{"line":256,"column":2},"skip":true},"56":{"start":{"line":258,"column":8},"end":{"line":286,"column":9},"skip":true},"57":{"start":{"line":259,"column":12},"end":{"line":269,"column":14},"skip":true},"58":{"start":{"line":271,"column":12},"end":{"line":285,"column":19},"skip":true},"59":{"start":{"line":274,"column":20},"end":{"line":274,"column":35},"skip":true},"60":{"start":{"line":275,"column":20},"end":{"line":284,"column":21},"skip":true},"61":{"start":{"line":277,"column":24},"end":{"line":277,"column":64},"skip":true},"62":{"start":{"line":279,"column":24},"end":{"line":279,"column":40},"skip":true},"63":{"start":{"line":281,"column":24},"end":{"line":281,"column":40},"skip":true},"64":{"start":{"line":283,"column":24},"end":{"line":283,"column":39},"skip":true},"65":{"start":{"line":288,"column":8},"end":{"line":290,"column":9},"skip":true},"66":{"start":{"line":289,"column":12},"end":{"line":289,"column":18},"skip":true},"67":{"start":{"line":291,"column":8},"end":{"line":293,"column":54},"skip":true},"68":{"start":{"line":296,"column":8},"end":{"line":301,"column":37},"skip":true},"69":{"start":{"line":303,"column":8},"end":{"line":303,"column":82},"skip":true},"70":{"start":{"line":306,"column":8},"end":{"line":308,"column":9},"skip":true},"71":{"start":{"line":307,"column":12},"end":{"line":307,"column":82},"skip":true},"72":{"start":{"line":310,"column":8},"end":{"line":312,"column":9},"skip":true},"73":{"start":{"line":311,"column":12},"end":{"line":311,"column":18},"skip":true},"74":{"start":{"line":313,"column":8},"end":{"line":313,"column":54},"skip":true},"75":{"start":{"line":314,"column":8},"end":{"line":314,"column":69},"skip":true},"76":{"start":{"line":315,"column":8},"end":{"line":323,"column":36},"skip":true},"77":{"start":{"line":316,"column":12},"end":{"line":316,"column":61},"skip":true},"78":{"start":{"line":317,"column":12},"end":{"line":320,"column":13},"skip":true},"79":{"start":{"line":318,"column":16},"end":{"line":318,"column":75},"skip":true},"80":{"start":{"line":319,"column":16},"end":{"line":319,"column":23},"skip":true},"81":{"start":{"line":321,"column":12},"end":{"line":321,"column":38},"skip":true},"82":{"start":{"line":322,"column":12},"end":{"line":322,"column":27},"skip":true},"83":{"start":{"line":324,"column":8},"end":{"line":324,"column":14},"skip":true}},"branchMap":{"1":{"line":39,"type":"binary-expr","locations":[{"start":{"line":39,"column":23},"end":{"line":39,"column":62}},{"start":{"line":40,"column":20},"end":{"line":40,"column":70}},{"start":{"line":41,"column":20},"end":{"line":41,"column":71}},{"start":{"line":42,"column":20},"end":{"line":42,"column":29}}]},"2":{"line":44,"type":"binary-expr","locations":[{"start":{"line":44,"column":23},"end":{"line":44,"column":37}},{"start":{"line":45,"column":20},"end":{"line":45,"column":61}},{"start":{"line":46,"column":20},"end":{"line":46,"column":70}},{"start":{"line":47,"column":20},"end":{"line":47,"column":26}}]},"3":{"line":51,"type":"cond-expr","locations":[{"start":{"line":52,"column":14},"end":{"line":52,"column":20}},{"start":{"line":53,"column":14},"end":{"line":53,"column":20}}]},"4":{"line":55,"type":"binary-expr","locations":[{"start":{"line":55,"column":16},"end":{"line":55,"column":44}},{"start":{"line":55,"column":49},"end":{"line":57,"column":43}}]},"5":{"line":55,"type":"cond-expr","locations":[{"start":{"line":56,"column":14},"end":{"line":56,"column":53}},{"start":{"line":57,"column":14},"end":{"line":57,"column":43}}]},"6":{"line":61,"type":"switch","locations":[{"start":{"line":68,"column":4},"end":{"line":150,"column":14},"skip":true},{"start":{"line":156,"column":4},"end":{"line":324,"column":14},"skip":true}]},"7":{"line":70,"type":"if","locations":[{"start":{"line":70,"column":12},"end":{"line":70,"column":12},"skip":true},{"start":{"line":70,"column":12},"end":{"line":70,"column":12},"skip":true}]},"8":{"line":70,"type":"binary-expr","locations":[{"start":{"line":70,"column":16},"end":{"line":70,"column":22},"skip":true},{"start":{"line":70,"column":27},"end":{"line":70,"column":32},"skip":true},{"start":{"line":71,"column":20},"end":{"line":71,"column":39},"skip":true},{"start":{"line":72,"column":20},"end":{"line":72,"column":49},"skip":true},{"start":{"line":73,"column":20},"end":{"line":73,"column":58},"skip":true},{"start":{"line":74,"column":20},"end":{"line":74,"column":69},"skip":true}]},"9":{"line":79,"type":"switch","locations":[{"start":{"line":80,"column":20},"end":{"line":80,"column":33},"skip":true},{"start":{"line":81,"column":20},"end":{"line":83,"column":30},"skip":true},{"start":{"line":84,"column":20},"end":{"line":85,"column":49},"skip":true}]},"10":{"line":89,"type":"switch","locations":[{"start":{"line":90,"column":12},"end":{"line":103,"column":22},"skip":true},{"start":{"line":105,"column":12},"end":{"line":106,"column":22},"skip":true}]},"11":{"line":89,"type":"binary-expr","locations":[{"start":{"line":89,"column":20},"end":{"line":89,"column":25},"skip":true},{"start":{"line":89,"column":29},"end":{"line":89,"column":48},"skip":true},{"start":{"line":89,"column":52},"end":{"line":89,"column":74},"skip":true}]},"12":{"line":92,"type":"if","locations":[{"start":{"line":92,"column":16},"end":{"line":92,"column":16},"skip":true},{"start":{"line":92,"column":16},"end":{"line":92,"column":16},"skip":true}]},"13":{"line":108,"type":"if","locations":[{"start":{"line":108,"column":12},"end":{"line":108,"column":12},"skip":true},{"start":{"line":108,"column":12},"end":{"line":108,"column":12},"skip":true}]},"14":{"line":108,"type":"binary-expr","locations":[{"start":{"line":108,"column":16},"end":{"line":108,"column":61},"skip":true},{"start":{"line":108,"column":66},"end":{"line":108,"column":72},"skip":true},{"start":{"line":108,"column":77},"end":{"line":108,"column":82},"skip":true},{"start":{"line":109,"column":20},"end":{"line":109,"column":39},"skip":true},{"start":{"line":110,"column":20},"end":{"line":110,"column":49},"skip":true},{"start":{"line":111,"column":20},"end":{"line":111,"column":58},"skip":true},{"start":{"line":112,"column":20},"end":{"line":112,"column":68},"skip":true}]},"15":{"line":129,"type":"if","locations":[{"start":{"line":129,"column":16},"end":{"line":129,"column":16},"skip":true},{"start":{"line":129,"column":16},"end":{"line":129,"column":16},"skip":true}]},"16":{"line":134,"type":"cond-expr","locations":[{"start":{"line":135,"column":26},"end":{"line":135,"column":29},"skip":true},{"start":{"line":136,"column":26},"end":{"line":136,"column":54},"skip":true}]},"17":{"line":164,"type":"binary-expr","locations":[{"start":{"line":164,"column":27},"end":{"line":164,"column":43},"skip":true},{"start":{"line":164,"column":47},"end":{"line":164,"column":49},"skip":true}]},"18":{"line":258,"type":"if","locations":[{"start":{"line":258,"column":8},"end":{"line":258,"column":8},"skip":true},{"start":{"line":258,"column":8},"end":{"line":258,"column":8},"skip":true}]},"19":{"line":275,"type":"switch","locations":[{"start":{"line":276,"column":20},"end":{"line":277,"column":64},"skip":true},{"start":{"line":278,"column":20},"end":{"line":279,"column":40},"skip":true},{"start":{"line":280,"column":20},"end":{"line":281,"column":40},"skip":true},{"start":{"line":282,"column":20},"end":{"line":283,"column":39},"skip":true}]},"20":{"line":288,"type":"if","locations":[{"start":{"line":288,"column":8},"end":{"line":288,"column":8},"skip":true},{"start":{"line":288,"column":8},"end":{"line":288,"column":8},"skip":true}]},"21":{"line":288,"type":"binary-expr","locations":[{"start":{"line":288,"column":12},"end":{"line":288,"column":40},"skip":true},{"start":{"line":288,"column":44},"end":{"line":288,"column":67},"skip":true}]},"22":{"line":292,"type":"binary-expr","locations":[{"start":{"line":292,"column":12},"end":{"line":292,"column":50},"skip":true},{"start":{"line":293,"column":12},"end":{"line":293,"column":53},"skip":true}]},"23":{"line":297,"type":"binary-expr","locations":[{"start":{"line":297,"column":12},"end":{"line":297,"column":67},"skip":true},{"start":{"line":298,"column":12},"end":{"line":301,"column":36},"skip":true}]},"24":{"line":303,"type":"binary-expr","locations":[{"start":{"line":303,"column":43},"end":{"line":303,"column":75},"skip":true},{"start":{"line":303,"column":79},"end":{"line":303,"column":81},"skip":true}]},"25":{"line":306,"type":"if","locations":[{"start":{"line":306,"column":8},"end":{"line":306,"column":8},"skip":true},{"start":{"line":306,"column":8},"end":{"line":306,"column":8},"skip":true}]},"26":{"line":310,"type":"if","locations":[{"start":{"line":310,"column":8},"end":{"line":310,"column":8},"skip":true},{"start":{"line":310,"column":8},"end":{"line":310,"column":8},"skip":true}]},"27":{"line":313,"type":"binary-expr","locations":[{"start":{"line":313,"column":27},"end":{"line":313,"column":43},"skip":true},{"start":{"line":313,"column":47},"end":{"line":313,"column":53},"skip":true}]},"28":{"line":317,"type":"if","locations":[{"start":{"line":317,"column":12},"end":{"line":317,"column":12},"skip":true},{"start":{"line":317,"column":12},"end":{"line":317,"column":12},"skip":true}]}},"code":["/*","example.js","","quickstart example","","instruction","    1. save this script as example.js","    2. run the shell command:","        $ npm install npmtest-linklocal && PORT=8081 node example.js","    3. play with the browser-demo on http://127.0.0.1:8081","*/","","","","/* istanbul instrument in package npmtest_linklocal */","/*jslint","    bitwise: true,","    browser: true,","    maxerr: 8,","    maxlen: 96,","    node: true,","    nomen: true,","    regexp: true,","    stupid: true","*/","(function () {","    'use strict';","    var local;","","","","    // run shared js-env code - pre-init","    (function () {","        // init local","        local = {};","        // init modeJs","        local.modeJs = (function () {","            try {","                return typeof navigator.userAgent === 'string' &&","                    typeof document.querySelector('body') === 'object' &&","                    typeof XMLHttpRequest.prototype.open === 'function' &&","                    'browser';","            } catch (errorCaughtBrowser) {","                return module.exports &&","                    typeof process.versions.node === 'string' &&","                    typeof require('http').createServer === 'function' &&","                    'node';","            }","        }());","        // init global","        local.global = local.modeJs === 'browser'","            ? window","            : global;","        // init utility2_rollup","        local = local.global.utility2_rollup || (local.modeJs === 'browser'","            ? local.global.utility2_npmtest_linklocal","            : global.utility2_moduleExports);","        // export local","        local.global.local = local;","    }());","    switch (local.modeJs) {","","","","    // post-init","    // run browser js-env code - post-init","    /* istanbul ignore next */","    case 'browser':","        local.testRunBrowser = function (event) {","            if (!event || (event &&","                    event.currentTarget &&","                    event.currentTarget.className &&","                    event.currentTarget.className.includes &&","                    event.currentTarget.className.includes('onreset'))) {","                // reset output","                Array.from(","                    document.querySelectorAll('body > .resettable')","                ).forEach(function (element) {","                    switch (element.tagName) {","                    case 'INPUT':","                    case 'TEXTAREA':","                        element.value = '';","                        break;","                    default:","                        element.textContent = '';","                    }","                });","            }","            switch (event && event.currentTarget && event.currentTarget.id) {","            case 'testRunButton1':","                // show tests","                if (document.querySelector('#testReportDiv1').style.display === 'none') {","                    document.querySelector('#testReportDiv1').style.display = 'block';","                    document.querySelector('#testRunButton1').textContent =","                        'hide internal test';","                    local.modeTest = true;","                    local.testRunDefault(local);","                // hide tests","                } else {","                    document.querySelector('#testReportDiv1').style.display = 'none';","                    document.querySelector('#testRunButton1').textContent = 'run internal test';","                }","                break;","            // custom-case","            default:","                break;","            }","            if (document.querySelector('#inputTextareaEval1') && (!event || (event &&","                    event.currentTarget &&","                    event.currentTarget.className &&","                    event.currentTarget.className.includes &&","                    event.currentTarget.className.includes('oneval')))) {","                // try to eval input-code","                try {","                    /*jslint evil: true*/","                    eval(document.querySelector('#inputTextareaEval1').value);","                } catch (errorCaught) {","                    console.error(errorCaught);","                }","            }","        };","        // log stderr and stdout to #outputTextareaStdout1","        ['error', 'log'].forEach(function (key) {","            console[key + '_original'] = console[key];","            console[key] = function () {","                var element;","                console[key + '_original'].apply(console, arguments);","                element = document.querySelector('#outputTextareaStdout1');","                if (!element) {","                    return;","                }","                // append text to #outputTextareaStdout1","                element.value += Array.from(arguments).map(function (arg) {","                    return typeof arg === 'string'","                        ? arg","                        : JSON.stringify(arg, null, 4);","                }).join(' ') + '\\n';","                // scroll textarea to bottom","                element.scrollTop = element.scrollHeight;","            };","        });","        // init event-handling","        ['change', 'click', 'keyup'].forEach(function (event) {","            Array.from(document.querySelectorAll('.on' + event)).forEach(function (element) {","                element.addEventListener(event, local.testRunBrowser);","            });","        });","        // run tests","        local.testRunBrowser();","        break;","","","","    // run node js-env code - post-init","    /* istanbul ignore next */","    case 'node':","        // export local","        module.exports = local;","        // require modules","        local.fs = require('fs');","        local.http = require('http');","        local.url = require('url');","        // init assets","        local.assetsDict = local.assetsDict || {};","        /* jslint-ignore-begin */","        local.assetsDict['/assets.index.template.html'] = '\\","<!doctype html>\\n\\","<html lang=\"en\">\\n\\","<head>\\n\\","<meta charset=\"UTF-8\">\\n\\","<meta name=\"viewport\" content=\"width=device-width, initial-scale=1\">\\n\\","<title>{{env.npm_package_name}} (v{{env.npm_package_version}})</title>\\n\\","<style>\\n\\","/*csslint\\n\\","    box-sizing: false,\\n\\","    universal-selector: false\\n\\","*/\\n\\","* {\\n\\","    box-sizing: border-box;\\n\\","}\\n\\","body {\\n\\","    background: #dde;\\n\\","    font-family: Arial, Helvetica, sans-serif;\\n\\","    margin: 2rem;\\n\\","}\\n\\","body > * {\\n\\","    margin-bottom: 1rem;\\n\\","}\\n\\",".utility2FooterDiv {\\n\\","    margin-top: 20px;\\n\\","    text-align: center;\\n\\","}\\n\\","</style>\\n\\","<style>\\n\\","/*csslint\\n\\","*/\\n\\","textarea {\\n\\","    font-family: monospace;\\n\\","    height: 10rem;\\n\\","    width: 100%;\\n\\","}\\n\\","textarea[readonly] {\\n\\","    background: #ddd;\\n\\","}\\n\\","</style>\\n\\","</head>\\n\\","<body>\\n\\","<!-- utility2-comment\\n\\","<div id=\"ajaxProgressDiv1\" style=\"background: #d00; height: 2px; left: 0; margin: 0; padding: 0; position: fixed; top: 0; transition: background 0.5s, width 1.5s; width: 25%;\"></div>\\n\\","utility2-comment -->\\n\\","<h1>\\n\\","<!-- utility2-comment\\n\\","    <a\\n\\","        {{#if env.npm_package_homepage}}\\n\\","        href=\"{{env.npm_package_homepage}}\"\\n\\","        {{/if env.npm_package_homepage}}\\n\\","        target=\"_blank\"\\n\\","    >\\n\\","utility2-comment -->\\n\\","        {{env.npm_package_name}} (v{{env.npm_package_version}})\\n\\","<!-- utility2-comment\\n\\","    </a>\\n\\","utility2-comment -->\\n\\","</h1>\\n\\","<h3>{{env.npm_package_description}}</h3>\\n\\","<!-- utility2-comment\\n\\","<h4><a download href=\"assets.app.js\">download standalone app</a></h4>\\n\\","<button class=\"onclick onreset\" id=\"testRunButton1\">run internal test</button><br>\\n\\","<div id=\"testReportDiv1\" style=\"display: none;\"></div>\\n\\","utility2-comment -->\\n\\","\\n\\","\\n\\","\\n\\","<label>stderr and stdout</label>\\n\\","<textarea class=\"resettable\" id=\"outputTextareaStdout1\" readonly></textarea>\\n\\","<!-- utility2-comment\\n\\","{{#if isRollup}}\\n\\","<script src=\"assets.app.js\"></script>\\n\\","{{#unless isRollup}}\\n\\","utility2-comment -->\\n\\","<script src=\"assets.utility2.rollup.js\"></script>\\n\\","<script src=\"jsonp.utility2._stateInit?callback=window.utility2._stateInit\"></script>\\n\\","<script src=\"assets.npmtest_linklocal.rollup.js\"></script>\\n\\","<script src=\"assets.example.js\"></script>\\n\\","<script src=\"assets.test.js\"></script>\\n\\","<!-- utility2-comment\\n\\","{{/if isRollup}}\\n\\","utility2-comment -->\\n\\","<div class=\"utility2FooterDiv\">\\n\\","    [ this app was created with\\n\\","    <a href=\"https://github.com/kaizhu256/node-utility2\" target=\"_blank\">utility2</a>\\n\\","    ]\\n\\","</div>\\n\\","</body>\\n\\","</html>\\n\\","';","        /* jslint-ignore-end */","        if (local.templateRender) {","            local.assetsDict['/'] = local.templateRender(","                local.assetsDict['/assets.index.template.html'],","                {","                    env: local.objectSetDefault(local.env, {","                        npm_package_description: 'the greatest app in the world!',","                        npm_package_name: 'my-app',","                        npm_package_nameAlias: 'my_app',","                        npm_package_version: '0.0.1'","                    })","                }","            );","        } else {","            local.assetsDict['/'] = local.assetsDict['/assets.index.template.html']","                .replace((/\\{\\{env\\.(\\w+?)\\}\\}/g), function (match0, match1) {","                    // jslint-hack","                    String(match0);","                    switch (match1) {","                    case 'npm_package_description':","                        return 'the greatest app in the world!';","                    case 'npm_package_name':","                        return 'my-app';","                    case 'npm_package_nameAlias':","                        return 'my_app';","                    case 'npm_package_version':","                        return '0.0.1';","                    }","                });","        }","        // run the cli","        if (local.global.utility2_rollup || module !== require.main) {","            break;","        }","        local.assetsDict['/assets.example.js'] =","            local.assetsDict['/assets.example.js'] ||","            local.fs.readFileSync(__filename, 'utf8');","        // bug-workaround - long $npm_package_buildCustomOrg","        /* jslint-ignore-begin */","        local.assetsDict['/assets.npmtest_linklocal.rollup.js'] =","            local.assetsDict['/assets.npmtest_linklocal.rollup.js'] ||","            local.fs.readFileSync(","                local.npmtest_linklocal.__dirname + '/lib.npmtest_linklocal.js',","                'utf8'","            ).replace((/^#!/), '//');","        /* jslint-ignore-end */","        local.assetsDict['/favicon.ico'] = local.assetsDict['/favicon.ico'] || '';","        // if $npm_config_timeout_exit exists,","        // then exit this process after $npm_config_timeout_exit ms","        if (Number(process.env.npm_config_timeout_exit)) {","            setTimeout(process.exit, Number(process.env.npm_config_timeout_exit));","        }","        // start server","        if (local.global.utility2_serverHttp1) {","            break;","        }","        process.env.PORT = process.env.PORT || '8081';","        console.error('server starting on port ' + process.env.PORT);","        local.http.createServer(function (request, response) {","            request.urlParsed = local.url.parse(request.url);","            if (local.assetsDict[request.urlParsed.pathname] !== undefined) {","                response.end(local.assetsDict[request.urlParsed.pathname]);","                return;","            }","            response.statusCode = 404;","            response.end();","        }).listen(process.env.PORT);","        break;","    }","}());",""],"l":{"26":2,"28":2,"33":2,"35":2,"37":2,"38":2,"39":2,"44":1,"51":2,"55":2,"59":2,"61":2,"69":1,"70":2,"76":2,"79":2,"82":2,"83":2,"85":1,"89":2,"92":1,"93":1,"94":1,"96":1,"97":1,"100":1,"101":1,"103":1,"106":1,"108":2,"114":1,"116":1,"118":1,"123":1,"124":2,"125":2,"126":3,"127":3,"128":3,"129":3,"130":1,"133":3,"134":3,"139":3,"143":1,"144":3,"145":1,"149":1,"150":1,"158":1,"160":1,"161":1,"162":1,"164":1,"166":1,"258":1,"259":1,"271":1,"274":6,"275":6,"277":1,"279":2,"281":1,"283":2,"288":1,"289":1,"291":1,"296":1,"303":1,"306":1,"307":1,"310":1,"311":1,"313":1,"314":1,"315":1,"316":1,"317":1,"318":1,"319":1,"321":1,"322":1,"324":1}},"/home/travis/build/npmtest/node-npmtest-linklocal/node_modules/linklocal/index.js":{"path":"/home/travis/build/npmtest/node-npmtest-linklocal/node_modules/linklocal/index.js","s":{"1":1,"2":1,"3":1,"4":1,"5":1,"6":1,"7":1,"8":1,"9":0,"10":1,"11":1,"12":1,"13":1,"14":1,"15":1,"16":1,"17":1,"18":0,"19":1,"20":1,"21":0,"22":1,"23":1,"24":0,"25":1,"26":1,"27":0,"28":1,"29":1,"30":0,"31":1,"32":1,"33":1,"34":0,"35":0,"36":0,"37":0,"38":0,"39":0,"40":0,"41":0,"42":0,"43":0,"44":0,"45":0,"46":0,"47":0,"48":0,"49":0,"50":0,"51":0,"52":0,"53":1,"54":0,"55":0,"56":0,"57":0,"58":0,"59":0,"60":0,"61":0,"62":0,"63":0,"64":0,"65":0,"66":0,"67":0,"68":0,"69":0,"70":0,"71":0,"72":1,"73":0,"74":0,"75":0,"76":0,"77":0,"78":0,"79":0,"80":0,"81":0,"82":0,"83":0,"84":0,"85":0,"86":1,"87":0,"88":0,"89":0,"90":0,"91":0,"92":0,"93":0,"94":0,"95":0,"96":0,"97":0,"98":0,"99":0,"100":0,"101":1,"102":0,"103":0,"104":0,"105":0,"106":0,"107":0,"108":0,"109":0,"110":0,"111":0,"112":0,"113":0,"114":0,"115":0,"116":0,"117":1,"118":0,"119":0,"120":0,"121":0,"122":1,"123":0,"124":0,"125":0,"126":0,"127":1,"128":0,"129":0,"130":0,"131":0,"132":0,"133":0,"134":0,"135":0,"136":0,"137":0,"138":0,"139":0,"140":0,"141":0,"142":0,"143":0,"144":0,"145":0,"146":0,"147":0,"148":1,"149":1,"150":0,"151":0,"152":0,"153":0,"154":1,"155":1,"156":1,"157":1,"158":1,"159":1,"160":0,"161":1,"162":1,"163":0,"164":1,"165":1,"166":1,"167":1,"168":1,"169":1,"170":0,"171":0,"172":0,"173":0,"174":0,"175":0,"176":0,"177":1,"178":1,"179":1,"180":1,"181":1,"182":2,"183":2,"184":1,"185":2,"186":2,"187":2,"188":4,"189":2,"190":1,"191":2,"192":2,"193":0,"194":2,"195":0,"196":2,"197":1,"198":1,"199":1,"200":0,"201":1,"202":1,"203":1,"204":0,"205":1,"206":0,"207":1,"208":1,"209":0,"210":1,"211":0,"212":0,"213":0,"214":0,"215":0,"216":0,"217":0,"218":0,"219":0,"220":1,"221":0,"222":0,"223":0,"224":0,"225":0,"226":0,"227":0,"228":0,"229":0,"230":0,"231":0,"232":1,"233":0,"234":0,"235":0,"236":1,"237":1,"238":1,"239":0,"240":0,"241":1,"242":0,"243":1,"244":1,"245":1,"246":1,"247":0,"248":0,"249":0,"250":0,"251":0,"252":0,"253":0,"254":0,"255":0,"256":0,"257":0,"258":1,"259":1,"260":1,"261":0,"262":0,"263":0,"264":0,"265":0,"266":0,"267":0,"268":0,"269":1,"270":0,"271":0,"272":0,"273":0,"274":0,"275":1,"276":0,"277":0,"278":0,"279":0,"280":0,"281":0,"282":1,"283":1,"284":0,"285":1,"286":1,"287":0,"288":0,"289":0,"290":0,"291":0,"292":0,"293":0,"294":1,"295":2,"296":0,"297":1,"298":1,"299":0,"300":0,"301":0,"302":0,"303":0,"304":1,"305":1,"306":1,"307":0,"308":1,"309":0,"310":0,"311":0,"312":0,"313":0,"314":0},"b":{"1":[0,1],"2":[1,0],"3":[0,1],"4":[0,1],"5":[0,1],"6":[0,1],"7":[0,1],"8":[0,0],"9":[0,0],"10":[0,0],"11":[0,0],"12":[0,0],"13":[0,0],"14":[0,0],"15":[0,0],"16":[0,0],"17":[0,0],"18":[0,0],"19":[0,0],"20":[0,0],"21":[0,0],"22":[0,0],"23":[0,0],"24":[0,0],"25":[0,0],"26":[0,0],"27":[0,0],"28":[0,0],"29":[0,0],"30":[0,0],"31":[0,0],"32":[0,0],"33":[0,0],"34":[0,0],"35":[0,0],"36":[0,0],"37":[0,0],"38":[0,0],"39":[0,0],"40":[0,0],"41":[1,0],"42":[0,1],"43":[0,0],"44":[0,0],"45":[0,0],"46":[0,0],"47":[2,2],"48":[2,0],"49":[0,2],"50":[2,0,0],"51":[0,2],"52":[2,0],"53":[2,2,2,0],"54":[0,1],"55":[0,1],"56":[0,0],"57":[0,0],"58":[0,0],"59":[0,0],"60":[0,0],"61":[0,0],"62":[0,0],"63":[0,1],"64":[0,0],"65":[0,0],"66":[0,0],"67":[0,0],"68":[0,0],"69":[0,0],"70":[0,0],"71":[0,0],"72":[0,0],"73":[0,0],"74":[0,0],"75":[0,0],"76":[0,0],"77":[0,0],"78":[0,0]},"f":{"1":1,"2":1,"3":1,"4":1,"5":1,"6":1,"7":1,"8":0,"9":0,"10":0,"11":0,"12":0,"13":0,"14":0,"15":0,"16":0,"17":0,"18":0,"19":0,"20":0,"21":0,"22":0,"23":0,"24":0,"25":0,"26":0,"27":0,"28":0,"29":0,"30":0,"31":0,"32":0,"33":0,"34":0,"35":0,"36":0,"37":0,"38":0,"39":0,"40":0,"41":0,"42":0,"43":0,"44":0,"45":0,"46":1,"47":0,"48":0,"49":1,"50":1,"51":1,"52":1,"53":0,"54":1,"55":2,"56":2,"57":2,"58":1,"59":1,"60":1,"61":0,"62":0,"63":0,"64":0,"65":0,"66":0,"67":0,"68":0,"69":0,"70":0,"71":1,"72":0,"73":0,"74":1,"75":1,"76":0,"77":0,"78":0,"79":1,"80":0,"81":0,"82":0,"83":0,"84":0,"85":0,"86":0,"87":0,"88":0,"89":1,"90":0,"91":0,"92":2,"93":0,"94":1,"95":0,"96":1,"97":1,"98":0,"99":0,"100":0},"fnMap":{"1":{"name":"linklocal","line":18,"loc":{"start":{"line":18,"column":17},"end":{"line":18,"column":53}}},"2":{"name":"done","line":19,"loc":{"start":{"line":19,"column":2},"end":{"line":19,"column":29}}},"3":{"name":"(anonymous_3)","line":26,"loc":{"start":{"line":26,"column":23},"end":{"line":26,"column":43}}},"4":{"name":"(anonymous_4)","line":28,"loc":{"start":{"line":28,"column":18},"end":{"line":28,"column":40}}},"5":{"name":"(anonymous_5)","line":30,"loc":{"start":{"line":30,"column":36},"end":{"line":30,"column":61}}},"6":{"name":"(anonymous_6)","line":32,"loc":{"start":{"line":32,"column":30},"end":{"line":32,"column":45}}},"7":{"name":"(anonymous_7)","line":34,"loc":{"start":{"line":34,"column":27},"end":{"line":34,"column":42}}},"8":{"name":"(anonymous_8)","line":46,"loc":{"start":{"line":46,"column":28},"end":{"line":46,"column":62}}},"9":{"name":"(anonymous_9)","line":52,"loc":{"start":{"line":52,"column":23},"end":{"line":52,"column":43}}},"10":{"name":"(anonymous_10)","line":54,"loc":{"start":{"line":54,"column":20},"end":{"line":54,"column":42}}},"11":{"name":"(anonymous_11)","line":56,"loc":{"start":{"line":56,"column":36},"end":{"line":56,"column":61}}},"12":{"name":"(anonymous_12)","line":58,"loc":{"start":{"line":58,"column":30},"end":{"line":58,"column":45}}},"13":{"name":"(anonymous_13)","line":60,"loc":{"start":{"line":60,"column":27},"end":{"line":60,"column":42}}},"14":{"name":"linklocalRecursive","line":70,"loc":{"start":{"line":70,"column":32},"end":{"line":70,"column":76}}},"15":{"name":"(anonymous_15)","line":74,"loc":{"start":{"line":74,"column":23},"end":{"line":74,"column":43}}},"16":{"name":"(anonymous_16)","line":76,"loc":{"start":{"line":76,"column":27},"end":{"line":76,"column":49}}},"17":{"name":"(anonymous_17)","line":78,"loc":{"start":{"line":78,"column":36},"end":{"line":78,"column":61}}},"18":{"name":"(anonymous_18)","line":80,"loc":{"start":{"line":80,"column":30},"end":{"line":80,"column":45}}},"19":{"name":"(anonymous_19)","line":82,"loc":{"start":{"line":82,"column":27},"end":{"line":82,"column":42}}},"20":{"name":"unlinklocal","line":92,"loc":{"start":{"line":92,"column":24},"end":{"line":92,"column":61}}},"21":{"name":"(anonymous_21)","line":93,"loc":{"start":{"line":93,"column":23},"end":{"line":93,"column":43}}},"22":{"name":"(anonymous_22)","line":95,"loc":{"start":{"line":95,"column":18},"end":{"line":95,"column":40}}},"23":{"name":"(anonymous_23)","line":97,"loc":{"start":{"line":97,"column":33},"end":{"line":97,"column":58}}},"24":{"name":"(anonymous_24)","line":99,"loc":{"start":{"line":99,"column":30},"end":{"line":99,"column":45}}},"25":{"name":"(anonymous_25)","line":108,"loc":{"start":{"line":108,"column":30},"end":{"line":108,"column":64}}},"26":{"name":"(anonymous_26)","line":111,"loc":{"start":{"line":111,"column":23},"end":{"line":111,"column":43}}},"27":{"name":"(anonymous_27)","line":113,"loc":{"start":{"line":113,"column":20},"end":{"line":113,"column":42}}},"28":{"name":"(anonymous_28)","line":115,"loc":{"start":{"line":115,"column":33},"end":{"line":115,"column":58}}},"29":{"name":"(anonymous_29)","line":117,"loc":{"start":{"line":117,"column":30},"end":{"line":117,"column":45}}},"30":{"name":"unlinklocalRecursive","line":126,"loc":{"start":{"line":126,"column":34},"end":{"line":126,"column":80}}},"31":{"name":"(anonymous_31)","line":130,"loc":{"start":{"line":130,"column":23},"end":{"line":130,"column":43}}},"32":{"name":"(anonymous_32)","line":132,"loc":{"start":{"line":132,"column":27},"end":{"line":132,"column":49}}},"33":{"name":"(anonymous_33)","line":134,"loc":{"start":{"line":134,"column":33},"end":{"line":134,"column":58}}},"34":{"name":"(anonymous_34)","line":136,"loc":{"start":{"line":136,"column":30},"end":{"line":136,"column":45}}},"35":{"name":"list","line":145,"loc":{"start":{"line":145,"column":22},"end":{"line":145,"column":52}}},"36":{"name":"(anonymous_36)","line":146,"loc":{"start":{"line":146,"column":23},"end":{"line":146,"column":43}}},"37":{"name":"listRecursive","line":152,"loc":{"start":{"line":152,"column":32},"end":{"line":152,"column":71}}},"38":{"name":"(anonymous_38)","line":153,"loc":{"start":{"line":153,"column":23},"end":{"line":153,"column":43}}},"39":{"name":"getLinksRecursive","line":159,"loc":{"start":{"line":159,"column":0},"end":{"line":159,"column":48}}},"40":{"name":"_getLinksRecursive","line":162,"loc":{"start":{"line":162,"column":10},"end":{"line":162,"column":50}}},"41":{"name":"(anonymous_41)","line":164,"loc":{"start":{"line":164,"column":18},"end":{"line":164,"column":40}}},"42":{"name":"(anonymous_42)","line":168,"loc":{"start":{"line":168,"column":27},"end":{"line":168,"column":49}}},"43":{"name":"(anonymous_43)","line":169,"loc":{"start":{"line":169,"column":29},"end":{"line":169,"column":49}}},"44":{"name":"(anonymous_44)","line":175,"loc":{"start":{"line":175,"column":10},"end":{"line":175,"column":25}}},"45":{"name":"(anonymous_45)","line":177,"loc":{"start":{"line":177,"column":44},"end":{"line":177,"column":67}}},"46":{"name":"getRealPaths","line":185,"loc":{"start":{"line":185,"column":0},"end":{"line":185,"column":36}}},"47":{"name":"(anonymous_47)","line":186,"loc":{"start":{"line":186,"column":23},"end":{"line":186,"column":45}}},"48":{"name":"(anonymous_48)","line":187,"loc":{"start":{"line":187,"column":36},"end":{"line":187,"column":61}}},"49":{"name":"(anonymous_49)","line":191,"loc":{"start":{"line":191,"column":5},"end":{"line":191,"column":27}}},"50":{"name":"readPackage","line":196,"loc":{"start":{"line":196,"column":0},"end":{"line":196,"column":37}}},"51":{"name":"(anonymous_51)","line":199,"loc":{"start":{"line":199,"column":23},"end":{"line":199,"column":44}}},"52":{"name":"getLocalDependencies","line":211,"loc":{"start":{"line":211,"column":0},"end":{"line":211,"column":51}}},"53":{"name":"(anonymous_53)","line":215,"loc":{"start":{"line":215,"column":7},"end":{"line":215,"column":23}}},"54":{"name":"getPackageLocalDependencies","line":233,"loc":{"start":{"line":233,"column":0},"end":{"line":233,"column":52}}},"55":{"name":"(anonymous_55)","line":236,"loc":{"start":{"line":236,"column":34},"end":{"line":236,"column":50}}},"56":{"name":"getDependencies","line":242,"loc":{"start":{"line":242,"column":0},"end":{"line":242,"column":31}}},"57":{"name":"isLocalDependency","line":251,"loc":{"start":{"line":251,"column":0},"end":{"line":251,"column":48}}},"58":{"name":"getLinks","line":270,"loc":{"start":{"line":270,"column":0},"end":{"line":270,"column":39}}},"59":{"name":"(anonymous_59)","line":271,"loc":{"start":{"line":271,"column":28},"end":{"line":271,"column":62}}},"60":{"name":"(anonymous_60)","line":274,"loc":{"start":{"line":274,"column":50},"end":{"line":274,"column":90}}},"61":{"name":"(anonymous_61)","line":276,"loc":{"start":{"line":276,"column":46},"end":{"line":276,"column":73}}},"62":{"name":"isScopedDependency","line":287,"loc":{"start":{"line":287,"column":0},"end":{"line":287,"column":44}}},"63":{"name":"isSymbolicLink","line":291,"loc":{"start":{"line":291,"column":0},"end":{"line":291,"column":41}}},"64":{"name":"(anonymous_64)","line":292,"loc":{"start":{"line":292,"column":19},"end":{"line":292,"column":45}}},"65":{"name":"(anonymous_65)","line":295,"loc":{"start":{"line":295,"column":23},"end":{"line":295,"column":44}}},"66":{"name":"linksTo","line":302,"loc":{"start":{"line":302,"column":0},"end":{"line":302,"column":34}}},"67":{"name":"(anonymous_67)","line":304,"loc":{"start":{"line":304,"column":23},"end":{"line":304,"column":46}}},"68":{"name":"(anonymous_68)","line":307,"loc":{"start":{"line":307,"column":22},"end":{"line":307,"column":50}}},"69":{"name":"filterLinksToUnlink","line":315,"loc":{"start":{"line":315,"column":0},"end":{"line":315,"column":43}}},"70":{"name":"(anonymous_70)","line":317,"loc":{"start":{"line":317,"column":26},"end":{"line":317,"column":48}}},"71":{"name":"filterAllLinksToUnlink","line":322,"loc":{"start":{"line":322,"column":0},"end":{"line":322,"column":46}}},"72":{"name":"(anonymous_72)","line":324,"loc":{"start":{"line":324,"column":26},"end":{"line":324,"column":48}}},"73":{"name":"(anonymous_73)","line":325,"loc":{"start":{"line":325,"column":22},"end":{"line":325,"column":41}}},"74":{"name":"(anonymous_74)","line":328,"loc":{"start":{"line":328,"column":5},"end":{"line":328,"column":30}}},"75":{"name":"linkLinks","line":334,"loc":{"start":{"line":334,"column":0},"end":{"line":334,"column":33}}},"76":{"name":"(anonymous_76)","line":336,"loc":{"start":{"line":336,"column":23},"end":{"line":336,"column":45}}},"77":{"name":"(anonymous_77)","line":337,"loc":{"start":{"line":337,"column":36},"end":{"line":337,"column":51}}},"78":{"name":"(anonymous_78)","line":348,"loc":{"start":{"line":348,"column":40},"end":{"line":348,"column":55}}},"79":{"name":"unlinkLinks","line":356,"loc":{"start":{"line":356,"column":0},"end":{"line":356,"column":35}}},"80":{"name":"(anonymous_80)","line":358,"loc":{"start":{"line":358,"column":23},"end":{"line":358,"column":45}}},"81":{"name":"(anonymous_81)","line":359,"loc":{"start":{"line":359,"column":30},"end":{"line":359,"column":56}}},"82":{"name":"(anonymous_82)","line":362,"loc":{"start":{"line":362,"column":31},"end":{"line":362,"column":46}}},"83":{"name":"uniqueKeys","line":370,"loc":{"start":{"line":370,"column":0},"end":{"line":370,"column":40}}},"84":{"name":"(anonymous_84)","line":372,"loc":{"start":{"line":372,"column":22},"end":{"line":372,"column":50}}},"85":{"name":"(anonymous_85)","line":373,"loc":{"start":{"line":373,"column":26},"end":{"line":373,"column":47}}},"86":{"name":"(anonymous_86)","line":374,"loc":{"start":{"line":374,"column":24},"end":{"line":374,"column":39}}},"87":{"name":"indexOf","line":381,"loc":{"start":{"line":381,"column":0},"end":{"line":381,"column":29}}},"88":{"name":"(anonymous_88)","line":382,"loc":{"start":{"line":382,"column":22},"end":{"line":382,"column":57}}},"89":{"name":"uniqueKey","line":389,"loc":{"start":{"line":389,"column":0},"end":{"line":389,"column":32}}},"90":{"name":"(anonymous_90)","line":390,"loc":{"start":{"line":390,"column":25},"end":{"line":390,"column":41}}},"91":{"name":"(anonymous_91)","line":394,"loc":{"start":{"line":394,"column":22},"end":{"line":394,"column":38}}},"92":{"name":"unique","line":403,"loc":{"start":{"line":403,"column":0},"end":{"line":403,"column":22}}},"93":{"name":"(anonymous_93)","line":404,"loc":{"start":{"line":404,"column":20},"end":{"line":404,"column":48}}},"94":{"name":"sortDirs","line":409,"loc":{"start":{"line":409,"column":0},"end":{"line":409,"column":25}}},"95":{"name":"(anonymous_95)","line":410,"loc":{"start":{"line":410,"column":19},"end":{"line":410,"column":41}}},"96":{"name":"filter","line":417,"loc":{"start":{"line":417,"column":0},"end":{"line":417,"column":43}}},"97":{"name":"(anonymous_97)","line":418,"loc":{"start":{"line":418,"column":26},"end":{"line":418,"column":50}}},"98":{"name":"(anonymous_98)","line":419,"loc":{"start":{"line":419,"column":32},"end":{"line":419,"column":55}}},"99":{"name":"exists","line":425,"loc":{"start":{"line":425,"column":0},"end":{"line":425,"column":33}}},"100":{"name":"(anonymous_100)","line":426,"loc":{"start":{"line":426,"column":21},"end":{"line":426,"column":42}}}},"statementMap":{"1":{"start":{"line":3,"column":0},"end":{"line":3,"column":22}},"2":{"start":{"line":4,"column":0},"end":{"line":4,"column":26}},"3":{"start":{"line":5,"column":0},"end":{"line":5,"column":30}},"4":{"start":{"line":6,"column":0},"end":{"line":6,"column":30}},"5":{"start":{"line":7,"column":0},"end":{"line":7,"column":30}},"6":{"start":{"line":8,"column":0},"end":{"line":8,"column":30}},"7":{"start":{"line":9,"column":0},"end":{"line":9,"column":22}},"8":{"start":{"line":12,"column":0},"end":{"line":16,"column":1}},"9":{"start":{"line":13,"column":2},"end":{"line":13,"column":30}},"10":{"start":{"line":15,"column":2},"end":{"line":15,"column":21}},"11":{"start":{"line":18,"column":0},"end":{"line":42,"column":1}},"12":{"start":{"line":19,"column":2},"end":{"line":21,"column":3}},"13":{"start":{"line":20,"column":4},"end":{"line":20,"column":27}},"14":{"start":{"line":22,"column":2},"end":{"line":22,"column":70}},"15":{"start":{"line":23,"column":2},"end":{"line":23,"column":68}},"16":{"start":{"line":26,"column":2},"end":{"line":41,"column":4}},"17":{"start":{"line":27,"column":4},"end":{"line":27,"column":29}},"18":{"start":{"line":27,"column":13},"end":{"line":27,"column":29}},"19":{"start":{"line":28,"column":4},"end":{"line":40,"column":6}},"20":{"start":{"line":29,"column":6},"end":{"line":29,"column":31}},"21":{"start":{"line":29,"column":15},"end":{"line":29,"column":31}},"22":{"start":{"line":30,"column":6},"end":{"line":39,"column":8}},"23":{"start":{"line":31,"column":8},"end":{"line":31,"column":33}},"24":{"start":{"line":31,"column":17},"end":{"line":31,"column":33}},"25":{"start":{"line":32,"column":8},"end":{"line":38,"column":10}},"26":{"start":{"line":33,"column":10},"end":{"line":33,"column":35}},"27":{"start":{"line":33,"column":19},"end":{"line":33,"column":35}},"28":{"start":{"line":34,"column":10},"end":{"line":37,"column":12}},"29":{"start":{"line":35,"column":12},"end":{"line":35,"column":37}},"30":{"start":{"line":35,"column":21},"end":{"line":35,"column":37}},"31":{"start":{"line":36,"column":12},"end":{"line":36,"column":29}},"32":{"start":{"line":44,"column":0},"end":{"line":44,"column":36}},"33":{"start":{"line":46,"column":0},"end":{"line":68,"column":1}},"34":{"start":{"line":47,"column":2},"end":{"line":47,"column":70}},"35":{"start":{"line":48,"column":2},"end":{"line":48,"column":68}},"36":{"start":{"line":50,"column":2},"end":{"line":50,"column":67}},"37":{"start":{"line":52,"column":2},"end":{"line":67,"column":4}},"38":{"start":{"line":53,"column":4},"end":{"line":53,"column":29}},"39":{"start":{"line":53,"column":13},"end":{"line":53,"column":29}},"40":{"start":{"line":54,"column":4},"end":{"line":66,"column":15}},"41":{"start":{"line":55,"column":6},"end":{"line":55,"column":31}},"42":{"start":{"line":55,"column":15},"end":{"line":55,"column":31}},"43":{"start":{"line":56,"column":6},"end":{"line":65,"column":8}},"44":{"start":{"line":57,"column":8},"end":{"line":57,"column":33}},"45":{"start":{"line":57,"column":17},"end":{"line":57,"column":33}},"46":{"start":{"line":58,"column":8},"end":{"line":64,"column":10}},"47":{"start":{"line":59,"column":10},"end":{"line":59,"column":35}},"48":{"start":{"line":59,"column":19},"end":{"line":59,"column":35}},"49":{"start":{"line":60,"column":10},"end":{"line":63,"column":12}},"50":{"start":{"line":61,"column":12},"end":{"line":61,"column":37}},"51":{"start":{"line":61,"column":21},"end":{"line":61,"column":37}},"52":{"start":{"line":62,"column":12},"end":{"line":62,"column":29}},"53":{"start":{"line":70,"column":0},"end":{"line":90,"column":1}},"54":{"start":{"line":71,"column":2},"end":{"line":71,"column":70}},"55":{"start":{"line":72,"column":2},"end":{"line":72,"column":68}},"56":{"start":{"line":74,"column":2},"end":{"line":89,"column":4}},"57":{"start":{"line":75,"column":4},"end":{"line":75,"column":29}},"58":{"start":{"line":75,"column":13},"end":{"line":75,"column":29}},"59":{"start":{"line":76,"column":4},"end":{"line":88,"column":6}},"60":{"start":{"line":77,"column":6},"end":{"line":77,"column":31}},"61":{"start":{"line":77,"column":15},"end":{"line":77,"column":31}},"62":{"start":{"line":78,"column":6},"end":{"line":87,"column":8}},"63":{"start":{"line":79,"column":8},"end":{"line":79,"column":33}},"64":{"start":{"line":79,"column":17},"end":{"line":79,"column":33}},"65":{"start":{"line":80,"column":8},"end":{"line":86,"column":10}},"66":{"start":{"line":81,"column":10},"end":{"line":81,"column":35}},"67":{"start":{"line":81,"column":19},"end":{"line":81,"column":35}},"68":{"start":{"line":82,"column":10},"end":{"line":85,"column":12}},"69":{"start":{"line":83,"column":12},"end":{"line":83,"column":37}},"70":{"start":{"line":83,"column":21},"end":{"line":83,"column":37}},"71":{"start":{"line":84,"column":12},"end":{"line":84,"column":29}},"72":{"start":{"line":92,"column":0},"end":{"line":106,"column":1}},"73":{"start":{"line":93,"column":2},"end":{"line":105,"column":4}},"74":{"start":{"line":94,"column":4},"end":{"line":94,"column":29}},"75":{"start":{"line":94,"column":13},"end":{"line":94,"column":29}},"76":{"start":{"line":95,"column":4},"end":{"line":104,"column":6}},"77":{"start":{"line":96,"column":6},"end":{"line":96,"column":31}},"78":{"start":{"line":96,"column":15},"end":{"line":96,"column":31}},"79":{"start":{"line":97,"column":6},"end":{"line":103,"column":8}},"80":{"start":{"line":98,"column":8},"end":{"line":98,"column":33}},"81":{"start":{"line":98,"column":17},"end":{"line":98,"column":33}},"82":{"start":{"line":99,"column":8},"end":{"line":102,"column":10}},"83":{"start":{"line":100,"column":10},"end":{"line":100,"column":35}},"84":{"start":{"line":100,"column":19},"end":{"line":100,"column":35}},"85":{"start":{"line":101,"column":10},"end":{"line":101,"column":30}},"86":{"start":{"line":108,"column":0},"end":{"line":124,"column":1}},"87":{"start":{"line":109,"column":2},"end":{"line":109,"column":67}},"88":{"start":{"line":111,"column":2},"end":{"line":123,"column":4}},"89":{"start":{"line":112,"column":4},"end":{"line":112,"column":29}},"90":{"start":{"line":112,"column":13},"end":{"line":112,"column":29}},"91":{"start":{"line":113,"column":4},"end":{"line":122,"column":15}},"92":{"start":{"line":114,"column":6},"end":{"line":114,"column":31}},"93":{"start":{"line":114,"column":15},"end":{"line":114,"column":31}},"94":{"start":{"line":115,"column":6},"end":{"line":121,"column":8}},"95":{"start":{"line":116,"column":8},"end":{"line":116,"column":33}},"96":{"start":{"line":116,"column":17},"end":{"line":116,"column":33}},"97":{"start":{"line":117,"column":8},"end":{"line":120,"column":10}},"98":{"start":{"line":118,"column":10},"end":{"line":118,"column":35}},"99":{"start":{"line":118,"column":19},"end":{"line":118,"column":35}},"100":{"start":{"line":119,"column":10},"end":{"line":119,"column":30}},"101":{"start":{"line":126,"column":0},"end":{"line":143,"column":1}},"102":{"start":{"line":127,"column":2},"end":{"line":127,"column":70}},"103":{"start":{"line":128,"column":2},"end":{"line":128,"column":68}},"104":{"start":{"line":130,"column":2},"end":{"line":142,"column":4}},"105":{"start":{"line":131,"column":4},"end":{"line":131,"column":29}},"106":{"start":{"line":131,"column":13},"end":{"line":131,"column":29}},"107":{"start":{"line":132,"column":4},"end":{"line":141,"column":6}},"108":{"start":{"line":133,"column":6},"end":{"line":133,"column":31}},"109":{"start":{"line":133,"column":15},"end":{"line":133,"column":31}},"110":{"start":{"line":134,"column":6},"end":{"line":140,"column":8}},"111":{"start":{"line":135,"column":8},"end":{"line":135,"column":33}},"112":{"start":{"line":135,"column":17},"end":{"line":135,"column":33}},"113":{"start":{"line":136,"column":8},"end":{"line":139,"column":10}},"114":{"start":{"line":137,"column":10},"end":{"line":137,"column":35}},"115":{"start":{"line":137,"column":19},"end":{"line":137,"column":35}},"116":{"start":{"line":138,"column":10},"end":{"line":138,"column":30}},"117":{"start":{"line":145,"column":0},"end":{"line":150,"column":1}},"118":{"start":{"line":146,"column":2},"end":{"line":149,"column":4}},"119":{"start":{"line":147,"column":4},"end":{"line":147,"column":29}},"120":{"start":{"line":147,"column":13},"end":{"line":147,"column":29}},"121":{"start":{"line":148,"column":4},"end":{"line":148,"column":23}},"122":{"start":{"line":152,"column":0},"end":{"line":157,"column":1}},"123":{"start":{"line":153,"column":2},"end":{"line":156,"column":4}},"124":{"start":{"line":154,"column":4},"end":{"line":154,"column":29}},"125":{"start":{"line":154,"column":13},"end":{"line":154,"column":29}},"126":{"start":{"line":155,"column":4},"end":{"line":155,"column":32}},"127":{"start":{"line":159,"column":0},"end":{"line":183,"column":1}},"128":{"start":{"line":160,"column":2},"end":{"line":160,"column":27}},"129":{"start":{"line":162,"column":2},"end":{"line":182,"column":4}},"130":{"start":{"line":163,"column":4},"end":{"line":163,"column":67}},"131":{"start":{"line":163,"column":29},"end":{"line":163,"column":67}},"132":{"start":{"line":164,"column":4},"end":{"line":174,"column":15}},"133":{"start":{"line":165,"column":6},"end":{"line":165,"column":53}},"134":{"start":{"line":166,"column":6},"end":{"line":166,"column":31}},"135":{"start":{"line":166,"column":15},"end":{"line":166,"column":31}},"136":{"start":{"line":167,"column":6},"end":{"line":167,"column":61}},"137":{"start":{"line":168,"column":6},"end":{"line":173,"column":14}},"138":{"start":{"line":169,"column":8},"end":{"line":172,"column":10}},"139":{"start":{"line":170,"column":10},"end":{"line":170,"column":35}},"140":{"start":{"line":170,"column":19},"end":{"line":170,"column":35}},"141":{"start":{"line":171,"column":10},"end":{"line":171,"column":39}},"142":{"start":{"line":176,"column":4},"end":{"line":176,"column":29}},"143":{"start":{"line":176,"column":13},"end":{"line":176,"column":29}},"144":{"start":{"line":177,"column":4},"end":{"line":179,"column":10}},"145":{"start":{"line":178,"column":6},"end":{"line":178,"column":39}},"146":{"start":{"line":180,"column":4},"end":{"line":180,"column":45}},"147":{"start":{"line":181,"column":4},"end":{"line":181,"column":29}},"148":{"start":{"line":185,"column":0},"end":{"line":194,"column":1}},"149":{"start":{"line":186,"column":2},"end":{"line":193,"column":4}},"150":{"start":{"line":187,"column":4},"end":{"line":190,"column":6}},"151":{"start":{"line":188,"column":6},"end":{"line":188,"column":31}},"152":{"start":{"line":188,"column":15},"end":{"line":188,"column":31}},"153":{"start":{"line":189,"column":6},"end":{"line":189,"column":58}},"154":{"start":{"line":192,"column":4},"end":{"line":192,"column":44}},"155":{"start":{"line":196,"column":0},"end":{"line":209,"column":1}},"156":{"start":{"line":197,"column":2},"end":{"line":197,"column":70}},"157":{"start":{"line":198,"column":2},"end":{"line":198,"column":50}},"158":{"start":{"line":199,"column":2},"end":{"line":208,"column":4}},"159":{"start":{"line":200,"column":4},"end":{"line":200,"column":29}},"160":{"start":{"line":200,"column":13},"end":{"line":200,"column":29}},"161":{"start":{"line":201,"column":4},"end":{"line":205,"column":5}},"162":{"start":{"line":202,"column":6},"end":{"line":202,"column":32}},"163":{"start":{"line":204,"column":6},"end":{"line":204,"column":84}},"164":{"start":{"line":206,"column":4},"end":{"line":206,"column":25}},"165":{"start":{"line":207,"column":4},"end":{"line":207,"column":26}},"166":{"start":{"line":211,"column":0},"end":{"line":231,"column":1}},"167":{"start":{"line":212,"column":2},"end":{"line":212,"column":63}},"168":{"start":{"line":213,"column":2},"end":{"line":213,"column":33}},"169":{"start":{"line":214,"column":2},"end":{"line":228,"column":4}},"170":{"start":{"line":216,"column":4},"end":{"line":216,"column":28}},"171":{"start":{"line":217,"column":4},"end":{"line":217,"column":44}},"172":{"start":{"line":219,"column":4},"end":{"line":221,"column":5}},"173":{"start":{"line":220,"column":6},"end":{"line":220,"column":59}},"174":{"start":{"line":223,"column":4},"end":{"line":225,"column":5}},"175":{"start":{"line":224,"column":6},"end":{"line":224,"column":44}},"176":{"start":{"line":227,"column":4},"end":{"line":227,"column":45}},"177":{"start":{"line":230,"column":2},"end":{"line":230,"column":39}},"178":{"start":{"line":233,"column":0},"end":{"line":240,"column":1}},"179":{"start":{"line":234,"column":2},"end":{"line":234,"column":63}},"180":{"start":{"line":235,"column":2},"end":{"line":235,"column":33}},"181":{"start":{"line":236,"column":2},"end":{"line":239,"column":4}},"182":{"start":{"line":237,"column":4},"end":{"line":237,"column":24}},"183":{"start":{"line":238,"column":4},"end":{"line":238,"column":48}},"184":{"start":{"line":242,"column":0},"end":{"line":249,"column":1}},"185":{"start":{"line":243,"column":2},"end":{"line":243,"column":35}},"186":{"start":{"line":244,"column":2},"end":{"line":244,"column":49}},"187":{"start":{"line":245,"column":2},"end":{"line":247,"column":3}},"188":{"start":{"line":246,"column":4},"end":{"line":246,"column":38}},"189":{"start":{"line":248,"column":2},"end":{"line":248,"column":13}},"190":{"start":{"line":251,"column":0},"end":{"line":268,"column":1}},"191":{"start":{"line":252,"column":2},"end":{"line":252,"column":24}},"192":{"start":{"line":254,"column":2},"end":{"line":256,"column":3}},"193":{"start":{"line":255,"column":4},"end":{"line":255,"column":44}},"194":{"start":{"line":258,"column":2},"end":{"line":260,"column":3}},"195":{"start":{"line":259,"column":4},"end":{"line":259,"column":48}},"196":{"start":{"line":262,"column":2},"end":{"line":267,"column":3}},"197":{"start":{"line":270,"column":0},"end":{"line":285,"column":1}},"198":{"start":{"line":271,"column":2},"end":{"line":284,"column":13}},"199":{"start":{"line":272,"column":4},"end":{"line":272,"column":29}},"200":{"start":{"line":272,"column":13},"end":{"line":272,"column":29}},"201":{"start":{"line":273,"column":4},"end":{"line":273,"column":60}},"202":{"start":{"line":274,"column":4},"end":{"line":283,"column":6}},"203":{"start":{"line":275,"column":6},"end":{"line":275,"column":31}},"204":{"start":{"line":275,"column":15},"end":{"line":275,"column":31}},"205":{"start":{"line":276,"column":6},"end":{"line":281,"column":8}},"206":{"start":{"line":277,"column":8},"end":{"line":280,"column":9}},"207":{"start":{"line":282,"column":6},"end":{"line":282,"column":23}},"208":{"start":{"line":287,"column":0},"end":{"line":289,"column":1}},"209":{"start":{"line":288,"column":2},"end":{"line":288,"co
[...]
,"248":2,"251":1,"252":2,"254":2,"255":0,"258":2,"259":0,"262":2,"270":1,"271":1,"272":1,"273":1,"274":1,"275":1,"276":1,"277":0,"282":1,"287":1,"288":0,"291":1,"292":0,"293":0,"294":0,"295":0,"296":0,"297":0,"302":1,"303":0,"304":0,"305":0,"306":0,"307":0,"308":0,"309":0,"310":0,"315":1,"316":0,"317":0,"318":0,"322":1,"323":1,"324":1,"325":0,"326":0,"329":1,"330":1,"334":1,"335":1,"336":1,"337":0,"338":0,"340":0,"341":0,"344":0,"345":0,"348":0,"349":0,"350":0,"356":1,"357":1,"358":1,"359":0,"360":0,"361":0,"362":0,"363":0,"364":0,"370":1,"371":0,"372":0,"373":0,"374":0,"375":0,"381":1,"382":0,"383":0,"384":0,"385":0,"389":1,"390":1,"391":0,"393":1,"394":1,"395":0,"396":0,"397":0,"398":0,"399":0,"403":1,"404":2,"405":0,"409":1,"410":1,"411":0,"412":0,"413":0,"417":1,"418":1,"419":1,"420":0,"425":1,"426":0,"427":0,"428":0,"429":0,"431":0}},"/home/travis/build/npmtest/node-npmtest-linklocal/node_modules/linklocal/bin/linklocal.js":{"path":"/home/travis/build/npmtest/node-npmtest-linklocal/node_modules/linklocal/bin/linklocal.js","s":{"1":1,"2":1,"3":1,"4":1,"5":1,"6":1,"7":0,"8":0,"9":0,"10":0,"11":0,"12":0,"13":0,"14":0,"15":0,"16":0,"17":0,"18":0,"19":0,"20":0,"21":0,"22":0,"23":0,"24":0,"25":0,"26":0,"27":0,"28":0,"29":0,"30":0,"31":0,"32":0,"33":0,"34":0,"35":1,"36":1,"37":1,"38":0,"39":1,"40":1,"41":1,"42":1,"43":1,"44":1,"45":0,"46":1,"47":0,"48":0,"49":1,"50":1,"51":0,"52":1,"53":0,"54":1,"55":0,"56":1,"57":1,"58":1,"59":0,"60":1,"61":1,"62":0,"63":0,"64":0,"65":0,"66":1,"67":1,"68":0,"69":1,"70":1,"71":1,"72":0,"73":0,"74":1,"75":0,"76":1,"77":1,"78":0,"79":0,"80":0,"81":0,"82":1,"83":1,"84":0,"85":1,"86":0,"87":0,"88":0,"89":0,"90":1,"91":1,"92":0,"93":1,"94":1,"95":1},"b":{"1":[0,1],"2":[0,1],"3":[1,1],"4":[1,0],"5":[0,1],"6":[0,1],"7":[0,1],"8":[0,1],"9":[0,1],"10":[1,0],"11":[0,1],"12":[1,0],"13":[0,1],"14":[0,0],"15":[0,1],"16":[1,0],"17":[0,1],"18":[0,1],"19":[0,1],"20":[0,1]},"f":{"1":0,"2":0,"3":1,"4":0,"5":0,"6":0,"7":0,"8":0,"9":0,"10":1,"11":0,"12":0,"13":1},"fnMap":{"1":{"name":"(anonymous_1)","line":24,"loc":{"start":{"line":24,"column":21},"end":{"line":24,"column":33}}},"2":{"name":"(anonymous_2)","line":88,"loc":{"start":{"line":88,"column":43},"end":{"line":88,"column":58}}},"3":{"name":"(anonymous_3)","line":99,"loc":{"start":{"line":99,"column":8},"end":{"line":99,"column":30}}},"4":{"name":"(anonymous_4)","line":106,"loc":{"start":{"line":106,"column":43},"end":{"line":106,"column":71}}},"5":{"name":"(anonymous_5)","line":112,"loc":{"start":{"line":112,"column":25},"end":{"line":112,"column":40}}},"6":{"name":"(anonymous_6)","line":120,"loc":{"start":{"line":120,"column":8},"end":{"line":120,"column":23}}},"7":{"name":"(anonymous_7)","line":123,"loc":{"start":{"line":123,"column":8},"end":{"line":123,"column":23}}},"8":{"name":"(anonymous_8)","line":126,"loc":{"start":{"line":126,"column":8},"end":{"line":126,"column":23}}},"9":{"name":"(anonymous_9)","line":129,"loc":{"start":{"line":129,"column":8},"end":{"line":129,"column":23}}},"10":{"name":"getFormattedItems","line":134,"loc":{"start":{"line":134,"column":0},"end":{"line":134,"column":43}}},"11":{"name":"(anonymous_11)","line":135,"loc":{"start":{"line":135,"column":19},"end":{"line":135,"column":35}}},"12":{"name":"formatOut","line":140,"loc":{"start":{"line":140,"column":0},"end":{"line":140,"column":35}}},"13":{"name":"summary","line":148,"loc":{"start":{"line":148,"column":0},"end":{"line":148,"column":38}}}},"statementMap":{"1":{"start":{"line":3,"column":0},"end":{"line":3,"column":26}},"2":{"start":{"line":4,"column":0},"end":{"line":4,"column":30}},"3":{"start":{"line":5,"column":0},"end":{"line":5,"column":34}},"4":{"start":{"line":6,"column":0},"end":{"line":6,"column":36}},"5":{"start":{"line":8,"column":0},"end":{"line":22,"column":23}},"6":{"start":{"line":24,"column":0},"end":{"line":53,"column":2}},"7":{"start":{"line":25,"column":2},"end":{"line":25,"column":29}},"8":{"start":{"line":26,"column":2},"end":{"line":26,"column":18}},"9":{"start":{"line":27,"column":2},"end":{"line":27,"column":112}},"10":{"start":{"line":28,"column":2},"end":{"line":28,"column":112}},"11":{"start":{"line":29,"column":2},"end":{"line":29,"column":109}},"12":{"start":{"line":30,"column":2},"end":{"line":30,"column":108}},"13":{"start":{"line":31,"column":2},"end":{"line":31,"column":100}},"14":{"start":{"line":32,"column":2},"end":{"line":32,"column":18}},"15":{"start":{"line":33,"column":2},"end":{"line":33,"column":122}},"16":{"start":{"line":34,"column":2},"end":{"line":34,"column":135}},"17":{"start":{"line":35,"column":2},"end":{"line":35,"column":18}},"18":{"start":{"line":36,"column":2},"end":{"line":36,"column":106}},"19":{"start":{"line":37,"column":2},"end":{"line":37,"column":108}},"20":{"start":{"line":38,"column":2},"end":{"line":38,"column":109}},"21":{"start":{"line":39,"column":2},"end":{"line":39,"column":110}},"22":{"start":{"line":40,"column":2},"end":{"line":40,"column":107}},"23":{"start":{"line":41,"column":2},"end":{"line":41,"column":118}},"24":{"start":{"line":42,"column":2},"end":{"line":42,"column":134}},"25":{"start":{"line":43,"column":2},"end":{"line":43,"column":18}},"26":{"start":{"line":44,"column":2},"end":{"line":44,"column":28}},"27":{"start":{"line":45,"column":2},"end":{"line":45,"column":18}},"28":{"start":{"line":46,"column":2},"end":{"line":46,"column":50}},"29":{"start":{"line":47,"column":2},"end":{"line":47,"column":50}},"30":{"start":{"line":48,"column":2},"end":{"line":48,"column":62}},"31":{"start":{"line":49,"column":2},"end":{"line":49,"column":62}},"32":{"start":{"line":50,"column":2},"end":{"line":50,"column":18}},"33":{"start":{"line":51,"column":2},"end":{"line":51,"column":56}},"34":{"start":{"line":52,"column":2},"end":{"line":52,"column":18}},"35":{"start":{"line":54,"column":0},"end":{"line":54,"column":27}},"36":{"start":{"line":56,"column":0},"end":{"line":56,"column":48}},"37":{"start":{"line":58,"column":0},"end":{"line":58,"column":34}},"38":{"start":{"line":58,"column":18},"end":{"line":58,"column":34}},"39":{"start":{"line":60,"column":0},"end":{"line":60,"column":39}},"40":{"start":{"line":62,"column":0},"end":{"line":62,"column":27}},"41":{"start":{"line":63,"column":0},"end":{"line":63,"column":71}},"42":{"start":{"line":64,"column":0},"end":{"line":64,"column":35}},"43":{"start":{"line":66,"column":0},"end":{"line":66,"column":27}},"44":{"start":{"line":67,"column":0},"end":{"line":67,"column":32}},"45":{"start":{"line":67,"column":15},"end":{"line":67,"column":32}},"46":{"start":{"line":68,"column":0},"end":{"line":71,"column":1}},"47":{"start":{"line":69,"column":2},"end":{"line":69,"column":31}},"48":{"start":{"line":70,"column":2},"end":{"line":70,"column":21}},"49":{"start":{"line":73,"column":0},"end":{"line":73,"column":15}},"50":{"start":{"line":74,"column":0},"end":{"line":74,"column":32}},"51":{"start":{"line":74,"column":19},"end":{"line":74,"column":32}},"52":{"start":{"line":75,"column":0},"end":{"line":75,"column":32}},"53":{"start":{"line":75,"column":19},"end":{"line":75,"column":32}},"54":{"start":{"line":76,"column":0},"end":{"line":76,"column":37}},"55":{"start":{"line":76,"column":18},"end":{"line":76,"column":37}},"56":{"start":{"line":77,"column":0},"end":{"line":77,"column":36}},"57":{"start":{"line":77,"column":13},"end":{"line":77,"column":36}},"58":{"start":{"line":79,"column":0},"end":{"line":79,"column":51}},"59":{"start":{"line":79,"column":22},"end":{"line":79,"column":51}},"60":{"start":{"line":81,"column":0},"end":{"line":85,"column":1}},"61":{"start":{"line":87,"column":0},"end":{"line":97,"column":1}},"62":{"start":{"line":88,"column":2},"end":{"line":88,"column":93}},"63":{"start":{"line":88,"column":60},"end":{"line":88,"column":91}},"64":{"start":{"line":89,"column":2},"end":{"line":89,"column":72}},"65":{"start":{"line":91,"column":2},"end":{"line":96,"column":3}},"66":{"start":{"line":99,"column":0},"end":{"line":117,"column":11}},"67":{"start":{"line":100,"column":2},"end":{"line":100,"column":20}},"68":{"start":{"line":100,"column":11},"end":{"line":100,"column":20}},"69":{"start":{"line":101,"column":2},"end":{"line":101,"column":21}},"70":{"start":{"line":102,"column":2},"end":{"line":103,"column":18}},"71":{"start":{"line":105,"column":2},"end":{"line":110,"column":3}},"72":{"start":{"line":106,"column":4},"end":{"line":109,"column":6}},"73":{"start":{"line":108,"column":6},"end":{"line":108,"column":44}},"74":{"start":{"line":112,"column":2},"end":{"line":114,"column":4}},"75":{"start":{"line":113,"column":4},"end":{"line":113,"column":26}},"76":{"start":{"line":116,"column":2},"end":{"line":116,"column":57}},"77":{"start":{"line":119,"column":0},"end":{"line":132,"column":1}},"78":{"start":{"line":121,"column":4},"end":{"line":121,"column":19}},"79":{"start":{"line":124,"column":4},"end":{"line":124,"column":17}},"80":{"start":{"line":127,"column":4},"end":{"line":127,"column":49}},"81":{"start":{"line":130,"column":4},"end":{"line":130,"column":47}},"82":{"start":{"line":134,"column":0},"end":{"line":138,"column":1}},"83":{"start":{"line":135,"column":2},"end":{"line":137,"column":4}},"84":{"start":{"line":136,"column":4},"end":{"line":136,"column":34}},"85":{"start":{"line":140,"column":0},"end":{"line":146,"column":1}},"86":{"start":{"line":141,"column":2},"end":{"line":141,"column":21}},"87":{"start":{"line":142,"column":2},"end":{"line":144,"column":3}},"88":{"start":{"line":143,"column":4},"end":{"line":143,"column":71}},"89":{"start":{"line":145,"column":2},"end":{"line":145,"column":15}},"90":{"start":{"line":148,"column":0},"end":{"line":153,"column":1}},"91":{"start":{"line":149,"column":2},"end":{"line":149,"column":33}},"92":{"start":{"line":149,"column":27},"end":{"line":149,"column":33}},"93":{"start":{"line":150,"column":2},"end":{"line":150,"column":27}},"94":{"start":{"line":151,"column":2},"end":{"line":151,"column":59}},"95":{"start":{"line":152,"column":2},"end":{"line":152,"column":90}}},"branchMap":{"1":{"line":56,"type":"cond-expr","locations":[{"start":{"line":56,"column":31},"end":{"line":56,"column":39}},{"start":{"line":56,"column":42},"end":{"line":56,"column":48}}]},"2":{"line":58,"type":"if","locations":[{"start":{"line":58,"column":0},"end":{"line":58,"column":0}},{"start":{"line":58,"column":0},"end":{"line":58,"column":0}}]},"3":{"line":60,"type":"binary-expr","locations":[{"start":{"line":60,"column":18},"end":{"line":60,"column":33}},{"start":{"line":60,"column":37},"end":{"line":60,"column":39}}]},"4":{"line":63,"type":"binary-expr","locations":[{"start":{"line":63,"column":10},"end":{"line":63,"column":54}},{"start":{"line":63,"column":58},"end":{"line":63,"column":71}}]},"5":{"line":67,"type":"if","locations":[{"start":{"line":67,"column":0},"end":{"line":67,"column":0}},{"start":{"line":67,"column":0},"end":{"line":67,"column":0}}]},"6":{"line":68,"type":"if","locations":[{"start":{"line":68,"column":0},"end":{"line":68,"column":0}},{"start":{"line":68,"column":0},"end":{"line":68,"column":0}}]},"7":{"line":74,"type":"if","locations":[{"start":{"line":74,"column":0},"end":{"line":74,"column":0}},{"start":{"line":74,"column":0},"end":{"line":74,"column":0}}]},"8":{"line":75,"type":"if","locations":[{"start":{"line":75,"column":0},"end":{"line":75,"column":0}},{"start":{"line":75,"column":0},"end":{"line":75,"column":0}}]},"9":{"line":76,"type":"if","locations":[{"start":{"line":76,"column":0},"end":{"line":76,"column":0}},{"start":{"line":76,"column":0},"end":{"line":76,"column":0}}]},"10":{"line":77,"type":"if","locations":[{"start":{"line":77,"column":0},"end":{"line":77,"column":0}},{"start":{"line":77,"column":0},"end":{"line":77,"column":0}}]},"11":{"line":79,"type":"if","locations":[{"start":{"line":79,"column":0},"end":{"line":79,"column":0}},{"start":{"line":79,"column":0},"end":{"line":79,"column":0}}]},"12":{"line":81,"type":"cond-expr","locations":[{"start":{"line":81,"column":23},"end":{"line":81,"column":25}},{"start":{"line":81,"column":28},"end":{"line":85,"column":1}}]},"13":{"line":87,"type":"if","locations":[{"start":{"line":87,"column":0},"end":{"line":87,"column":0}},{"start":{"line":87,"column":0},"end":{"line":87,"column":0}}]},"14":{"line":89,"type":"cond-expr","locations":[{"start":{"line":89,"column":36},"end":{"line":89,"column":65}},{"start":{"line":89,"column":68},"end":{"line":89,"column":72}}]},"15":{"line":100,"type":"if","locations":[{"start":{"line":100,"column":2},"end":{"line":100,"column":2}},{"start":{"line":100,"column":2},"end":{"line":100,"column":2}}]},"16":{"line":101,"type":"binary-expr","locations":[{"start":{"line":101,"column":10},"end":{"line":101,"column":15}},{"start":{"line":101,"column":19},"end":{"line":101,"column":21}}]},"17":{"line":105,"type":"if","locations":[{"start":{"line":105,"column":2},"end":{"line":105,"column":2}},{"start":{"line":105,"column":2},"end":{"line":105,"column":2}}]},"18":{"line":116,"type":"cond-expr","locations":[{"start":{"line":116,"column":34},"end":{"line":116,"column":48}},{"start":{"line":116,"column":51},"end":{"line":116,"column":56}}]},"19":{"line":149,"type":"if","locations":[{"start":{"line":149,"column":2},"end":{"line":149,"column":2}},{"start":{"line":149,"column":2},"end":{"line":149,"column":2}}]},"20":{"line":152,"type":"cond-expr","locations":[{"start":{"line":152,"column":56},"end":{"line":152,"column":59}},{"start":{"line":152,"column":62},"end":{"line":152,"column":67}}]}},"code":["//#!/usr/bin/env node","","var path = require('path')","var linklocal = require('../')","var program = require('commander')","var pkg = require('../package.json')","","program","  .usage('[options] <dir>')","  .option('-f, --format [format]', 'output format', String, '%h')","  .option('-l, --link', 'Link local dependencies [default]')","  .option('-r, --recursive', 'Link recursively')","  .option('-q, --unique', 'Only unique lines of output')","  .option('-u, --unlink', 'Unlink local dependencies')","  .option('-n, --named', 'Link only named packages, last argument is cwd')","  .option('--absolute', 'Format output paths as absolute paths')","  .option('--files', 'Output only symlink targets (--format=\"%h\") [default]')","  .option('--links', 'Output only symlinks (--format=\"%s\")')","  .option('--list', 'Only list local dependencies. Does not link.')","  .option('--long', 'Output the symlink to hardlink mapping (--format=\"%s -> %h\")')","  .option('--no-summary', 'Exclude summary i.e. \"Listed 22 dependencies\"')","  .version(pkg.version)","","program.on('--help', function () {","  console.info('  Examples:')","  console.info('')","  console.info('    linklocal                                                 # link local deps in current dir')","  console.info('    linklocal link                                            # link local deps in current dir')","  console.info('    linklocal -r                                              # link local deps recursively')","  console.info('    linklocal unlink                                          # unlink only in current dir')","  console.info('    linklocal unlink -r                                       # unlink recursively')","  console.info('')","  console.info('    linklocal list                                            # list all local deps, ignores link status')","  console.info('    linklocal list -r                                         # list all local deps recursively, ignoring link status')","  console.info('')","  console.info('    linklocal -- mydir                                        # link local deps in mydir')","  console.info('    linklocal unlink -- mydir                                 # unlink local deps in mydir')","  console.info('    linklocal --named pkgname ../to/pkg                       # link local dep by name/path')","  console.info('    linklocal --named pkgname1 pkgname2 ../to/pkg             # link local deps by name/path')","  console.info('    linklocal unlink --named pkgname ../to/pkg                # unlink local dep by name/')","  console.info('    linklocal --named -r pkgname ../to/pkg                    # link local deps recursively by name/')","  console.info('    linklocal --named -r @scope/pkgname pkgname ../to/pkg     # link local deps recursively by name/ with npm @scope')","  console.info('')","  console.info('  Formats:')","  console.info('')","  console.info('    %s: relative path to symlink')","  console.info('    %S: absolute path to symlink')","  console.info('    %h: relative real path to symlink target')","  console.info('    %H: absolute real path to symlink target')","  console.info('')","  console.info('    relative paths are relative to cwd')","  console.info('')","})","program.parse(process.argv)","","var command = program.unlink ? 'unlink' : 'link'","","if (program.list) command = 'list'","","program.args[0] = program.args[0] || ''","","var named = !!program.named","var dir = path.resolve(process.cwd(), program.args[0]) || process.cwd()","var recursive = !!program.recursive","","var fn = linklocal[command]","if (recursive) fn = fn.recursive","if (named) {","  fn = linklocal[command].named","  dir = process.cwd()","}","","var format = ''","if (program.files) format = '%h'","if (program.links) format = '%s'","if (program.long) format = '%s -> %h'","if (!format) format = program.format","","if (program.absolute) format = format.toUpperCase()","","var options = !named ? {} : {","  cwd: program.args[program.args.length - 1],","  packages: program.args.slice(0, program.args.length - 1),","  recursive: recursive","}","","if (named) {","  var renameIndex = program.args.findIndex(function (arg) { return arg.indexOf('@') !== -1 })","  var rename = renameIndex !== -1 ? program.args[renameIndex + 1] : null","","  options = {","    cwd: program.args[program.args.length - 1],","    packages: program.args.slice(0, program.args.length - 1),","    scopeRename: rename,","    recursive: recursive","  }","}","","fn(dir, function (err, items) {","  if (err) throw err","  items = items || []","  var formattedItems = getFormattedItems(items, format)","  .filter(Boolean)","","  if (program.unique) {","    formattedItems = formattedItems.filter(function (item, index, arr) {","      // uniqueness","      return arr.lastIndexOf(item) === index","    })","  }","","  formattedItems.forEach(function (str) {","    console.log('%s', str)","  })","","  summary(command, program.list ? formattedItems : items)","}, options)","","var formats = {","  '%S': function (obj) {","    return obj.from","  },","  '%H': function (obj) {","    return obj.to","  },","  '%s': function (obj) {","    return path.relative(process.cwd(), obj.from)","  },","  '%h': function (obj) {","    return path.relative(process.cwd(), obj.to)","  }","}","","function getFormattedItems (items, format) {","  return items.map(function (item) {","    return formatOut(item, format)","  })","}","","function formatOut (input, format) {","  var output = format","  for (var key in formats) {","    output = output.replace(new RegExp(key, 'gm'), formats[key](input))","  }","  return output","}","","function summary (commandName, items) {","  if (!program['summary']) return","  var length = items.length","  commandName = command[0].toUpperCase() + command.slice(1)","  console.error('\\n%sed %d dependenc' + (length === 1 ? 'y' : 'ies'), commandName, length)","}",""],"l":{"3":1,"4":1,"5":1,"6":1,"8":1,"24":1,"25":0,"26":0,"27":0,"28":0,"29":0,"30":0,"31":0,"32":0,"33":0,"34":0,"35":0,"36":0,"37":0,"38":0,"39":0,"40":0,"41":0,"42":0,"43":0,"44":0,"45":0,"46":0,"47":0,"48":0,"49":0,"50":0,"51":0,"52":0,"54":1,"56":1,"58":1,"60":1,"62":1,"63":1,"64":1,"66":1,"67":1,"68":1,"69":0,"70":0,"73":1,"74":1,"75":1,"76":1,"77":1,"79":1,"81":1,"87":1,"88":0,"89":0,"91":0,"99":1,"100":1,"101":1,"102":1,"105":1,"106":0,"108":0,"112":1,"113":0,"116":1,"119":1,"121":0,"124":0,"127":0,"130":0,"134":1,"135":1,"136":0,"140":1,"141":0,"142":0,"143":0,"145":0,"148":1,"149":1,"150":1,"151":1,"152":1}}}